
2019-07-30 04:45:25,435 DEBUG:T: [f1] e->start_at() top->inner_state
2019-07-30 04:45:25,435 DEBUG:S: [f1] START
2019-07-30 04:45:25,435 DEBUG:S: [f1] SEARCH_FOR_SUPER_SIGNAL:outer_state
2019-07-30 04:45:25,435 DEBUG:S: [f1] ENTRY_SIGNAL:outer_state
2019-07-30 04:45:25,436 DEBUG:S: [f1] hello from outer_state
2019-07-30 04:45:25,436 DEBUG:S: [f1] INIT_SIGNAL:outer_state
2019-07-30 04:45:25,436 DEBUG:S: [f1] init
2019-07-30 04:45:25,436 DEBUG:S: [f1] SEARCH_FOR_SUPER_SIGNAL:inner_state
2019-07-30 04:45:25,436 DEBUG:S: [f1] ENTRY_SIGNAL:inner_state
2019-07-30 04:45:25,436 DEBUG:S: [f1] hello from inner_state
2019-07-30 04:45:25,436 DEBUG:S: [f1] INIT_SIGNAL:inner_state
2019-07-30 04:45:25,437 DEBUG:S: [f1] <- Queued:(0) Deferred:(0)
2019-07-30 04:45:25,438 DEBUG:T: [f2] e->start_at() top->inner_state
2019-07-30 04:45:25,438 DEBUG:S: [f2] START
2019-07-30 04:45:25,439 DEBUG:S: [f2] SEARCH_FOR_SUPER_SIGNAL:inner_state
2019-07-30 04:45:25,439 DEBUG:S: [f2] SEARCH_FOR_SUPER_SIGNAL:outer_state
2019-07-30 04:45:25,439 DEBUG:S: [f2] ENTRY_SIGNAL:outer_state
2019-07-30 04:45:25,439 DEBUG:S: [f2] hello from outer_state
2019-07-30 04:45:25,439 DEBUG:S: [f2] ENTRY_SIGNAL:inner_state
2019-07-30 04:45:25,439 DEBUG:S: [f2] hello from inner_state
2019-07-30 04:45:25,439 DEBUG:S: [f2] INIT_SIGNAL:inner_state
2019-07-30 04:45:25,440 DEBUG:S: [f2] <- Queued:(0) Deferred:(0)
2019-07-30 04:45:25,440 DEBUG:S: [f1] Hook:inner_state
2019-07-30 04:45:25,440 DEBUG:S: [f1] Hook:outer_state
2019-07-30 04:45:25,441 DEBUG:S: [f1] run some code, but don't transition
2019-07-30 04:45:25,441 DEBUG:S: [f1] Hook:outer_state:HOOK
2019-07-30 04:45:25,441 DEBUG:S: [f1] <- Queued:(1) Deferred:(0)
2019-07-30 04:45:25,442 DEBUG:T: [f1] e->Reset() inner_state->inner_state
2019-07-30 04:45:25,443 DEBUG:S: [f1] Reset:inner_state
2019-07-30 04:45:25,443 DEBUG:S: [f1] Reset:outer_state
2019-07-30 04:45:25,443 DEBUG:S: [f1] EXIT_SIGNAL:inner_state
2019-07-30 04:45:25,443 DEBUG:S: [f1] exiting inner_state
2019-07-30 04:45:25,443 DEBUG:S: [f1] SEARCH_FOR_SUPER_SIGNAL:inner_state
2019-07-30 04:45:25,443 DEBUG:S: [f1] EXIT_SIGNAL:outer_state
2019-07-30 04:45:25,443 DEBUG:S: [f1] exiting the outer_state
2019-07-30 04:45:25,443 DEBUG:S: [f1] ENTRY_SIGNAL:outer_state
2019-07-30 04:45:25,444 DEBUG:S: [f1] hello from outer_state
2019-07-30 04:45:25,444 DEBUG:S: [f1] INIT_SIGNAL:outer_state
2019-07-30 04:45:25,444 DEBUG:S: [f2] Hook:inner_state
2019-07-30 04:45:25,444 DEBUG:S: [f1] init
2019-07-30 04:45:25,445 DEBUG:S: [f2] Hook:outer_state
2019-07-30 04:45:25,445 DEBUG:S: [f1] SEARCH_FOR_SUPER_SIGNAL:inner_state
2019-07-30 04:45:25,445 DEBUG:S: [f2] run some code, but don't transition
2019-07-30 04:45:25,445 DEBUG:S: [f1] ENTRY_SIGNAL:inner_state
2019-07-30 04:45:25,445 DEBUG:S: [f2] Hook:outer_state:HOOK
2019-07-30 04:45:25,446 DEBUG:S: [f1] hello from inner_state
2019-07-30 04:45:25,446 DEBUG:S: [f2] <- Queued:(1) Deferred:(0)
2019-07-30 04:45:25,446 DEBUG:S: [f1] INIT_SIGNAL:inner_state
2019-07-30 04:45:25,447 DEBUG:T: [f2] e->Reset() inner_state->inner_state
2019-07-30 04:45:25,448 DEBUG:S: [f1] <- Queued:(0) Deferred:(0)
2019-07-30 04:45:25,448 DEBUG:S: [f2] Reset:inner_state
2019-07-30 04:45:25,448 DEBUG:S: [f2] Reset:outer_state
2019-07-30 04:45:25,448 DEBUG:S: [f2] EXIT_SIGNAL:inner_state
2019-07-30 04:45:25,448 DEBUG:S: [f2] exiting inner_state
2019-07-30 04:45:25,449 DEBUG:S: [f2] SEARCH_FOR_SUPER_SIGNAL:inner_state
2019-07-30 04:45:25,449 DEBUG:S: [f2] EXIT_SIGNAL:outer_state
2019-07-30 04:45:25,449 DEBUG:S: [f2] exiting the outer_state
2019-07-30 04:45:25,449 DEBUG:S: [f2] ENTRY_SIGNAL:outer_state
2019-07-30 04:45:25,449 DEBUG:S: [f2] hello from outer_state
2019-07-30 04:45:25,449 DEBUG:S: [f2] INIT_SIGNAL:outer_state
2019-07-30 04:45:25,449 DEBUG:S: [f2] init
2019-07-30 04:45:25,450 DEBUG:S: [f2] SEARCH_FOR_SUPER_SIGNAL:inner_state
2019-07-30 04:45:25,450 DEBUG:S: [f2] ENTRY_SIGNAL:inner_state
2019-07-30 04:45:25,450 DEBUG:S: [f2] hello from inner_state
2019-07-30 04:45:25,450 DEBUG:S: [f2] INIT_SIGNAL:inner_state
2019-07-30 04:45:25,450 DEBUG:S: [f2] <- Queued:(0) Deferred:(0)
2019-07-30 05:03:28,066 DEBUG:T: [f1] e->start_at() top->inner_state
2019-07-30 05:03:28,066 DEBUG:S: [f1] START
2019-07-30 05:03:28,066 DEBUG:S: [f1] SEARCH_FOR_SUPER_SIGNAL:outer_state
2019-07-30 05:03:28,066 DEBUG:S: [f1] ENTRY_SIGNAL:outer_state
2019-07-30 05:03:28,066 DEBUG:S: [f1] hello from outer_state
2019-07-30 05:03:28,067 DEBUG:S: [f1] INIT_SIGNAL:outer_state
2019-07-30 05:03:28,067 DEBUG:S: [f1] init
2019-07-30 05:03:28,067 DEBUG:S: [f1] SEARCH_FOR_SUPER_SIGNAL:inner_state
2019-07-30 05:03:28,067 DEBUG:S: [f1] ENTRY_SIGNAL:inner_state
2019-07-30 05:03:28,067 DEBUG:S: [f1] hello from inner_state
2019-07-30 05:03:28,067 DEBUG:S: [f1] INIT_SIGNAL:inner_state
2019-07-30 05:03:28,067 DEBUG:S: [f1] <- Queued:(0) Deferred:(0)
2019-07-30 05:03:28,069 DEBUG:T: [f2] e->start_at() top->inner_state
2019-07-30 05:03:28,069 DEBUG:S: [f2] START
2019-07-30 05:03:28,069 DEBUG:S: [f2] SEARCH_FOR_SUPER_SIGNAL:inner_state
2019-07-30 05:03:28,069 DEBUG:S: [f2] SEARCH_FOR_SUPER_SIGNAL:outer_state
2019-07-30 05:03:28,070 DEBUG:S: [f2] ENTRY_SIGNAL:outer_state
2019-07-30 05:03:28,070 DEBUG:S: [f2] hello from outer_state
2019-07-30 05:03:28,070 DEBUG:S: [f2] ENTRY_SIGNAL:inner_state
2019-07-30 05:03:28,070 DEBUG:S: [f2] hello from inner_state
2019-07-30 05:03:28,070 DEBUG:S: [f2] INIT_SIGNAL:inner_state
2019-07-30 05:03:28,070 DEBUG:S: [f2] <- Queued:(0) Deferred:(0)
2019-07-30 05:03:28,071 DEBUG:S: [f1] Hook:inner_state
2019-07-30 05:03:28,071 DEBUG:S: [f1] Hook:outer_state
2019-07-30 05:03:28,072 DEBUG:S: [f2] Hook:inner_state
2019-07-30 05:03:28,072 DEBUG:S: [f1] run some code, but don't transition
2019-07-30 05:03:28,072 DEBUG:S: [f2] Hook:outer_state
2019-07-30 05:03:28,072 DEBUG:S: [f1] Hook:outer_state:HOOK
2019-07-30 05:03:28,072 DEBUG:S: [f2] run some code, but don't transition
2019-07-30 05:03:28,072 DEBUG:S: [f1] <- Queued:(1) Deferred:(0)
2019-07-30 05:03:28,073 DEBUG:S: [f2] Hook:outer_state:HOOK
2019-07-30 05:03:28,074 DEBUG:T: [f1] e->Reset() inner_state->inner_state
2019-07-30 05:03:28,074 DEBUG:S: [f2] <- Queued:(1) Deferred:(0)
2019-07-30 05:03:28,074 DEBUG:S: [f1] Reset:inner_state
2019-07-30 05:03:28,076 DEBUG:T: [f2] e->Reset() inner_state->inner_state
2019-07-30 05:03:28,076 DEBUG:S: [f1] Reset:outer_state
2019-07-30 05:03:28,076 DEBUG:S: [f2] Reset:inner_state
2019-07-30 05:03:28,076 DEBUG:S: [f1] EXIT_SIGNAL:inner_state
2019-07-30 05:03:28,076 DEBUG:S: [f2] Reset:outer_state
2019-07-30 05:03:28,077 DEBUG:S: [f1] exiting inner_state
2019-07-30 05:03:28,077 DEBUG:S: [f2] EXIT_SIGNAL:inner_state
2019-07-30 05:03:28,077 DEBUG:S: [f1] SEARCH_FOR_SUPER_SIGNAL:inner_state
2019-07-30 05:03:28,077 DEBUG:S: [f2] exiting inner_state
2019-07-30 05:03:28,077 DEBUG:S: [f1] EXIT_SIGNAL:outer_state
2019-07-30 05:03:28,078 DEBUG:S: [f2] SEARCH_FOR_SUPER_SIGNAL:inner_state
2019-07-30 05:03:28,078 DEBUG:S: [f1] exiting the outer_state
2019-07-30 05:03:28,078 DEBUG:S: [f2] EXIT_SIGNAL:outer_state
2019-07-30 05:03:28,078 DEBUG:S: [f1] ENTRY_SIGNAL:outer_state
2019-07-30 05:03:28,078 DEBUG:S: [f2] exiting the outer_state
2019-07-30 05:03:28,079 DEBUG:S: [f1] hello from outer_state
2019-07-30 05:03:28,079 DEBUG:S: [f2] ENTRY_SIGNAL:outer_state
2019-07-30 05:03:28,079 DEBUG:S: [f1] INIT_SIGNAL:outer_state
2019-07-30 05:03:28,079 DEBUG:S: [f2] hello from outer_state
2019-07-30 05:03:28,079 DEBUG:S: [f1] init
2019-07-30 05:03:28,079 DEBUG:S: [f2] INIT_SIGNAL:outer_state
2019-07-30 05:03:28,080 DEBUG:S: [f1] SEARCH_FOR_SUPER_SIGNAL:inner_state
2019-07-30 05:03:28,080 DEBUG:S: [f2] init
2019-07-30 05:03:28,080 DEBUG:S: [f1] ENTRY_SIGNAL:inner_state
2019-07-30 05:03:28,080 DEBUG:S: [f2] SEARCH_FOR_SUPER_SIGNAL:inner_state
2019-07-30 05:03:28,080 DEBUG:S: [f1] hello from inner_state
2019-07-30 05:03:28,081 DEBUG:S: [f2] ENTRY_SIGNAL:inner_state
2019-07-30 05:03:28,081 DEBUG:S: [f1] INIT_SIGNAL:inner_state
2019-07-30 05:03:28,081 DEBUG:S: [f2] hello from inner_state
2019-07-30 05:03:28,081 DEBUG:S: [f1] <- Queued:(0) Deferred:(0)
2019-07-30 05:03:28,081 DEBUG:S: [f2] INIT_SIGNAL:inner_state
2019-07-30 05:45:27,540 DEBUG:T: [f1] e->start_at() top->inner_state
2019-07-30 05:45:27,541 DEBUG:S: [f1] START
2019-07-30 05:45:27,541 DEBUG:S: [f1] SEARCH_FOR_SUPER_SIGNAL:outer_state
2019-07-30 05:45:27,541 DEBUG:S: [f1] ENTRY_SIGNAL:outer_state
2019-07-30 05:45:27,541 DEBUG:S: [f1] hello from outer_state
2019-07-30 05:45:27,541 DEBUG:S: [f1] INIT_SIGNAL:outer_state
2019-07-30 05:45:27,541 DEBUG:S: [f1] init
2019-07-30 05:45:27,541 DEBUG:S: [f1] SEARCH_FOR_SUPER_SIGNAL:inner_state
2019-07-30 05:45:27,542 DEBUG:S: [f1] ENTRY_SIGNAL:inner_state
2019-07-30 05:45:27,542 DEBUG:S: [f1] hello from inner_state
2019-07-30 05:45:27,542 DEBUG:S: [f1] INIT_SIGNAL:inner_state
2019-07-30 05:45:27,542 DEBUG:S: [f1] <- Queued:(0) Deferred:(0)
2019-07-30 05:45:27,544 DEBUG:T: [f2] e->start_at() top->inner_state
2019-07-30 05:45:27,544 DEBUG:S: [f1] Hook:inner_state
2019-07-30 05:45:27,545 DEBUG:S: [f2] START
2019-07-30 05:45:27,545 DEBUG:S: [f1] Hook:outer_state
2019-07-30 05:45:27,545 DEBUG:S: [f2] SEARCH_FOR_SUPER_SIGNAL:inner_state
2019-07-30 05:45:27,545 DEBUG:S: [f1] run some code, but don't transition
2019-07-30 05:45:27,545 DEBUG:S: [f2] SEARCH_FOR_SUPER_SIGNAL:outer_state
2019-07-30 05:45:27,546 DEBUG:S: [f1] Hook:outer_state:HOOK
2019-07-30 05:45:27,546 DEBUG:S: [f2] ENTRY_SIGNAL:outer_state
2019-07-30 05:45:27,546 DEBUG:S: [f1] <- Queued:(1) Deferred:(0)
2019-07-30 05:45:27,546 DEBUG:S: [f2] hello from outer_state
2019-07-30 05:45:27,548 DEBUG:T: [f1] e->Reset() inner_state->inner_state
2019-07-30 05:45:27,548 DEBUG:S: [f2] ENTRY_SIGNAL:inner_state
2019-07-30 05:45:27,548 DEBUG:S: [f1] Reset:inner_state
2019-07-30 05:45:27,548 DEBUG:S: [f2] hello from inner_state
2019-07-30 05:45:27,549 DEBUG:S: [f1] Reset:outer_state
2019-07-30 05:45:27,549 DEBUG:S: [f2] INIT_SIGNAL:inner_state
2019-07-30 05:45:27,549 DEBUG:S: [f1] EXIT_SIGNAL:inner_state
2019-07-30 05:45:27,549 DEBUG:S: [f2] <- Queued:(0) Deferred:(0)
2019-07-30 05:45:27,549 DEBUG:S: [f1] exiting inner_state
2019-07-30 05:45:27,550 DEBUG:S: [f1] SEARCH_FOR_SUPER_SIGNAL:inner_state
2019-07-30 05:45:27,550 DEBUG:S: [f1] EXIT_SIGNAL:outer_state
2019-07-30 05:45:27,550 DEBUG:S: [f1] exiting the outer_state
2019-07-30 05:45:27,551 DEBUG:S: [f2] Hook:inner_state
2019-07-30 05:45:27,551 DEBUG:S: [f1] ENTRY_SIGNAL:outer_state
2019-07-30 05:45:27,551 DEBUG:S: [f2] Hook:outer_state
2019-07-30 05:45:27,551 DEBUG:S: [f1] hello from outer_state
2019-07-30 05:45:27,552 DEBUG:S: [f2] run some code, but don't transition
2019-07-30 05:45:27,552 DEBUG:S: [f1] INIT_SIGNAL:outer_state
2019-07-30 05:45:27,552 DEBUG:S: [f2] Hook:outer_state:HOOK
2019-07-30 05:45:27,552 DEBUG:S: [f1] init
2019-07-30 05:45:27,552 DEBUG:S: [f2] <- Queued:(1) Deferred:(0)
2019-07-30 05:45:27,553 DEBUG:S: [f1] SEARCH_FOR_SUPER_SIGNAL:inner_state
2019-07-30 05:45:27,554 DEBUG:T: [f2] e->Reset() inner_state->inner_state
2019-07-30 05:45:27,554 DEBUG:S: [f1] ENTRY_SIGNAL:inner_state
2019-07-30 05:45:27,554 DEBUG:S: [f2] Reset:inner_state
2019-07-30 05:45:27,555 DEBUG:S: [f1] hello from inner_state
2019-07-30 05:45:27,555 DEBUG:S: [f2] Reset:outer_state
2019-07-30 05:45:27,555 DEBUG:S: [f1] INIT_SIGNAL:inner_state
2019-07-30 05:45:27,555 DEBUG:S: [f2] EXIT_SIGNAL:inner_state
2019-07-30 05:45:27,555 DEBUG:S: [f1] <- Queued:(0) Deferred:(0)
2019-07-30 05:45:27,555 DEBUG:S: [f2] exiting inner_state
2019-07-30 05:45:27,556 DEBUG:S: [f2] SEARCH_FOR_SUPER_SIGNAL:inner_state
2019-07-30 05:45:27,556 DEBUG:S: [f2] EXIT_SIGNAL:outer_state
2019-07-30 05:45:27,556 DEBUG:S: [f2] exiting the outer_state
2019-07-30 05:45:27,556 DEBUG:S: [f2] ENTRY_SIGNAL:outer_state
2019-07-30 05:45:27,556 DEBUG:S: [f2] hello from outer_state
2019-07-30 05:45:27,556 DEBUG:S: [f2] INIT_SIGNAL:outer_state
2019-07-30 05:45:27,557 DEBUG:S: [f2] init
2019-07-30 05:45:27,557 DEBUG:S: [f2] SEARCH_FOR_SUPER_SIGNAL:inner_state
2019-07-30 05:45:27,557 DEBUG:S: [f2] ENTRY_SIGNAL:inner_state
2019-07-30 05:45:27,557 DEBUG:S: [f2] hello from inner_state
2019-07-30 05:45:27,557 DEBUG:S: [f2] INIT_SIGNAL:inner_state
2019-07-30 05:45:27,557 DEBUG:S: [f2] <- Queued:(0) Deferred:(0)
2019-07-30 05:46:50,678 DEBUG:T: [f1] e->start_at() top->inner_state
2019-07-30 05:46:50,678 DEBUG:S: [f1] START
2019-07-30 05:46:50,678 DEBUG:S: [f1] SEARCH_FOR_SUPER_SIGNAL:outer_state
2019-07-30 05:46:50,678 DEBUG:S: [f1] ENTRY_SIGNAL:outer_state
2019-07-30 05:46:50,678 DEBUG:S: [f1] hello from outer_state
2019-07-30 05:46:50,678 DEBUG:S: [f1] INIT_SIGNAL:outer_state
2019-07-30 05:46:50,679 DEBUG:S: [f1] init
2019-07-30 05:46:50,679 DEBUG:S: [f1] SEARCH_FOR_SUPER_SIGNAL:inner_state
2019-07-30 05:46:50,679 DEBUG:S: [f1] ENTRY_SIGNAL:inner_state
2019-07-30 05:46:50,679 DEBUG:S: [f1] hello from inner_state
2019-07-30 05:46:50,679 DEBUG:S: [f1] INIT_SIGNAL:inner_state
2019-07-30 05:46:50,679 DEBUG:S: [f1] <- Queued:(0) Deferred:(0)
2019-07-30 05:46:50,682 DEBUG:S: [f1] Hook:inner_state
2019-07-30 05:46:50,682 DEBUG:S: [f1] Hook:outer_state
2019-07-30 05:46:50,682 DEBUG:S: [f1] run some code, but don't transition
2019-07-30 05:46:50,682 DEBUG:S: [f1] Hook:outer_state:HOOK
2019-07-30 05:46:50,683 DEBUG:S: [f1] <- Queued:(1) Deferred:(0)
2019-07-30 06:10:45,965 DEBUG:T: [f1] e->start_at() top->inner_state
2019-07-30 06:10:45,965 DEBUG:S: [f1] START
2019-07-30 06:10:45,965 DEBUG:S: [f1] SEARCH_FOR_SUPER_SIGNAL:outer_state
2019-07-30 06:10:45,966 DEBUG:S: [f1] ENTRY_SIGNAL:outer_state
2019-07-30 06:10:45,966 DEBUG:S: [f1] hello from outer_state
2019-07-30 06:10:45,966 DEBUG:S: [f1] INIT_SIGNAL:outer_state
2019-07-30 06:10:45,966 DEBUG:S: [f1] init
2019-07-30 06:10:45,966 DEBUG:S: [f1] SEARCH_FOR_SUPER_SIGNAL:inner_state
2019-07-30 06:10:45,966 DEBUG:S: [f1] ENTRY_SIGNAL:inner_state
2019-07-30 06:10:45,966 DEBUG:S: [f1] hello from inner_state
2019-07-30 06:10:45,966 DEBUG:S: [f1] INIT_SIGNAL:inner_state
2019-07-30 06:10:45,967 DEBUG:S: [f1] <- Queued:(0) Deferred:(0)
2019-07-30 06:10:45,968 DEBUG:T: [f2] e->start_at() top->inner_state
2019-07-30 06:10:45,969 DEBUG:S: [f2] START
2019-07-30 06:10:45,969 DEBUG:S: [f2] SEARCH_FOR_SUPER_SIGNAL:inner_state
2019-07-30 06:10:45,969 DEBUG:S: [f1] Hook:inner_state
2019-07-30 06:10:45,969 DEBUG:S: [f2] SEARCH_FOR_SUPER_SIGNAL:outer_state
2019-07-30 06:10:45,969 DEBUG:S: [f1] Hook:outer_state
2019-07-30 06:10:45,970 DEBUG:S: [f2] ENTRY_SIGNAL:outer_state
2019-07-30 06:10:45,970 DEBUG:S: [f1] run some code, but don't transition
2019-07-30 06:10:45,970 DEBUG:S: [f2] hello from outer_state
2019-07-30 06:10:45,970 DEBUG:S: [f1] Hook:outer_state:HOOK
2019-07-30 06:10:45,970 DEBUG:S: [f2] ENTRY_SIGNAL:inner_state
2019-07-30 06:10:45,971 DEBUG:S: [f1] <- Queued:(1) Deferred:(0)
2019-07-30 06:10:45,971 DEBUG:S: [f2] hello from inner_state
2019-07-30 06:10:45,972 DEBUG:T: [f1] e->Reset() inner_state->inner_state
2019-07-30 06:10:45,972 DEBUG:S: [f2] INIT_SIGNAL:inner_state
2019-07-30 06:10:45,973 DEBUG:S: [f1] Reset:inner_state
2019-07-30 06:10:45,973 DEBUG:S: [f2] <- Queued:(0) Deferred:(0)
2019-07-30 06:10:45,973 DEBUG:S: [f1] Reset:outer_state
2019-07-30 06:10:45,973 DEBUG:S: [f1] EXIT_SIGNAL:inner_state
2019-07-30 06:10:45,974 DEBUG:S: [f2] Hook:inner_state
2019-07-30 06:10:45,974 DEBUG:S: [f1] exiting inner_state
2019-07-30 06:10:45,974 DEBUG:S: [f2] Hook:outer_state
2019-07-30 06:10:45,974 DEBUG:S: [f1] SEARCH_FOR_SUPER_SIGNAL:inner_state
2019-07-30 06:10:45,974 DEBUG:S: [f2] run some code, but don't transition
2019-07-30 06:10:45,975 DEBUG:S: [f1] EXIT_SIGNAL:outer_state
2019-07-30 06:10:45,975 DEBUG:S: [f2] Hook:outer_state:HOOK
2019-07-30 06:10:45,975 DEBUG:S: [f1] exiting the outer_state
2019-07-30 06:10:45,975 DEBUG:S: [f2] <- Queued:(1) Deferred:(0)
2019-07-30 06:10:45,975 DEBUG:S: [f1] ENTRY_SIGNAL:outer_state
2019-07-30 06:10:45,977 DEBUG:T: [f2] e->Reset() inner_state->inner_state
2019-07-30 06:10:45,977 DEBUG:S: [f1] hello from outer_state
2019-07-30 06:10:45,977 DEBUG:S: [f2] Reset:inner_state
2019-07-30 06:10:45,977 DEBUG:S: [f1] INIT_SIGNAL:outer_state
2019-07-30 06:10:45,977 DEBUG:S: [f2] Reset:outer_state
2019-07-30 06:10:45,978 DEBUG:S: [f1] init
2019-07-30 06:10:45,978 DEBUG:S: [f2] EXIT_SIGNAL:inner_state
2019-07-30 06:10:45,978 DEBUG:S: [f1] SEARCH_FOR_SUPER_SIGNAL:inner_state
2019-07-30 06:10:45,978 DEBUG:S: [f2] exiting inner_state
2019-07-30 06:10:45,978 DEBUG:S: [f1] ENTRY_SIGNAL:inner_state
2019-07-30 06:10:45,978 DEBUG:S: [f2] SEARCH_FOR_SUPER_SIGNAL:inner_state
2019-07-30 06:10:45,979 DEBUG:S: [f1] hello from inner_state
2019-07-30 06:10:45,979 DEBUG:S: [f2] EXIT_SIGNAL:outer_state
2019-07-30 06:10:45,979 DEBUG:S: [f1] INIT_SIGNAL:inner_state
2019-07-30 06:10:45,979 DEBUG:S: [f2] exiting the outer_state
2019-07-30 06:10:45,979 DEBUG:S: [f1] <- Queued:(0) Deferred:(0)
2019-07-30 06:10:45,980 DEBUG:S: [f2] ENTRY_SIGNAL:outer_state
2019-07-30 06:10:45,980 DEBUG:S: [f2] hello from outer_state
2019-07-30 06:10:45,980 DEBUG:S: [f2] INIT_SIGNAL:outer_state
2019-07-30 06:10:45,980 DEBUG:S: [f2] init
2019-07-30 06:10:45,980 DEBUG:S: [f2] SEARCH_FOR_SUPER_SIGNAL:inner_state
2019-07-30 06:10:45,980 DEBUG:S: [f2] ENTRY_SIGNAL:inner_state
2019-07-30 06:10:45,981 DEBUG:S: [f2] hello from inner_state
2019-07-30 06:10:45,981 DEBUG:S: [f2] INIT_SIGNAL:inner_state
2019-07-30 06:10:45,981 DEBUG:S: [f2] <- Queued:(0) Deferred:(0)
2019-07-30 06:11:24,647 DEBUG:T: [f1] e->start_at() top->inner_state
2019-07-30 06:11:24,647 DEBUG:S: [f1] START
2019-07-30 06:11:24,647 DEBUG:S: [f1] SEARCH_FOR_SUPER_SIGNAL:outer_state
2019-07-30 06:11:24,647 DEBUG:S: [f1] ENTRY_SIGNAL:outer_state
2019-07-30 06:11:24,648 DEBUG:S: [f1] hello from outer_state
2019-07-30 06:11:24,648 DEBUG:S: [f1] INIT_SIGNAL:outer_state
2019-07-30 06:11:24,648 DEBUG:S: [f1] init
2019-07-30 06:11:24,648 DEBUG:S: [f1] SEARCH_FOR_SUPER_SIGNAL:inner_state
2019-07-30 06:11:24,648 DEBUG:S: [f1] ENTRY_SIGNAL:inner_state
2019-07-30 06:11:24,648 DEBUG:S: [f1] hello from inner_state
2019-07-30 06:11:24,648 DEBUG:S: [f1] INIT_SIGNAL:inner_state
2019-07-30 06:11:24,649 DEBUG:S: [f1] <- Queued:(0) Deferred:(0)
2019-07-30 06:11:24,650 DEBUG:T: [f2] e->start_at() top->inner_state
2019-07-30 06:11:24,650 DEBUG:S: [f2] START
2019-07-30 06:11:24,651 DEBUG:S: [f2] SEARCH_FOR_SUPER_SIGNAL:inner_state
2019-07-30 06:11:24,651 DEBUG:S: [f2] SEARCH_FOR_SUPER_SIGNAL:outer_state
2019-07-30 06:11:24,651 DEBUG:S: [f2] ENTRY_SIGNAL:outer_state
2019-07-30 06:11:24,651 DEBUG:S: [f2] hello from outer_state
2019-07-30 06:11:24,651 DEBUG:S: [f2] ENTRY_SIGNAL:inner_state
2019-07-30 06:11:24,651 DEBUG:S: [f2] hello from inner_state
2019-07-30 06:11:24,651 DEBUG:S: [f2] INIT_SIGNAL:inner_state
2019-07-30 06:11:24,652 DEBUG:S: [f2] <- Queued:(0) Deferred:(0)
2019-07-30 06:11:24,652 DEBUG:S: [f1] Hook:inner_state
2019-07-30 06:11:24,652 DEBUG:S: [f1] Hook:outer_state
2019-07-30 06:11:24,653 DEBUG:S: [f2] Hook:inner_state
2019-07-30 06:11:24,653 DEBUG:S: [f1] run some code, but don't transition
2019-07-30 06:11:24,653 DEBUG:S: [f2] Hook:outer_state
2019-07-30 06:11:24,653 DEBUG:S: [f1] Hook:outer_state:HOOK
2019-07-30 06:11:24,654 DEBUG:S: [f2] run some code, but don't transition
2019-07-30 06:11:24,654 DEBUG:S: [f1] <- Queued:(1) Deferred:(0)
2019-07-30 06:11:24,654 DEBUG:S: [f2] Hook:outer_state:HOOK
2019-07-30 06:11:24,656 DEBUG:T: [f1] e->Reset() inner_state->inner_state
2019-07-30 06:11:24,656 DEBUG:S: [f2] <- Queued:(1) Deferred:(0)
2019-07-30 06:11:24,656 DEBUG:S: [f1] Reset:inner_state
2019-07-30 06:11:24,657 DEBUG:T: [f2] e->Reset() inner_state->inner_state
2019-07-30 06:11:24,657 DEBUG:S: [f1] Reset:outer_state
2019-07-30 06:11:24,658 DEBUG:S: [f2] Reset:inner_state
2019-07-30 06:11:24,658 DEBUG:S: [f1] EXIT_SIGNAL:inner_state
2019-07-30 06:11:24,658 DEBUG:S: [f2] Reset:outer_state
2019-07-30 06:11:24,658 DEBUG:S: [f1] exiting inner_state
2019-07-30 06:11:24,658 DEBUG:S: [f2] EXIT_SIGNAL:inner_state
2019-07-30 06:11:24,659 DEBUG:S: [f1] SEARCH_FOR_SUPER_SIGNAL:inner_state
2019-07-30 06:11:24,659 DEBUG:S: [f2] exiting inner_state
2019-07-30 06:11:24,659 DEBUG:S: [f1] EXIT_SIGNAL:outer_state
2019-07-30 06:11:24,659 DEBUG:S: [f2] SEARCH_FOR_SUPER_SIGNAL:inner_state
2019-07-30 06:11:24,659 DEBUG:S: [f1] exiting the outer_state
2019-07-30 06:11:24,659 DEBUG:S: [f2] EXIT_SIGNAL:outer_state
2019-07-30 06:11:24,660 DEBUG:S: [f1] ENTRY_SIGNAL:outer_state
2019-07-30 06:11:24,660 DEBUG:S: [f2] exiting the outer_state
2019-07-30 06:11:24,660 DEBUG:S: [f1] hello from outer_state
2019-07-30 06:11:24,660 DEBUG:S: [f2] ENTRY_SIGNAL:outer_state
2019-07-30 06:11:24,660 DEBUG:S: [f1] INIT_SIGNAL:outer_state
2019-07-30 06:11:24,661 DEBUG:S: [f2] hello from outer_state
2019-07-30 06:11:24,661 DEBUG:S: [f1] init
2019-07-30 06:11:24,661 DEBUG:S: [f2] INIT_SIGNAL:outer_state
2019-07-30 06:11:24,661 DEBUG:S: [f1] SEARCH_FOR_SUPER_SIGNAL:inner_state
2019-07-30 06:11:24,661 DEBUG:S: [f2] init
2019-07-30 06:11:24,661 DEBUG:S: [f1] ENTRY_SIGNAL:inner_state
2019-07-30 06:11:24,662 DEBUG:S: [f2] SEARCH_FOR_SUPER_SIGNAL:inner_state
2019-07-30 06:11:24,662 DEBUG:S: [f1] hello from inner_state
2019-07-30 06:11:24,662 DEBUG:S: [f2] ENTRY_SIGNAL:inner_state
2019-07-30 06:11:24,662 DEBUG:S: [f1] INIT_SIGNAL:inner_state
2019-07-30 06:11:24,662 DEBUG:S: [f2] hello from inner_state
2019-07-30 06:11:24,662 DEBUG:S: [f1] <- Queued:(0) Deferred:(0)
2019-07-30 06:11:24,663 DEBUG:S: [f2] INIT_SIGNAL:inner_state
2019-07-30 06:11:24,663 DEBUG:S: [f2] <- Queued:(0) Deferred:(0)
2019-07-30 06:11:51,236 DEBUG:T: [f1] e->start_at() top->inner_state
2019-07-30 06:11:51,236 DEBUG:S: [f1] START
2019-07-30 06:11:51,236 DEBUG:S: [f1] SEARCH_FOR_SUPER_SIGNAL:outer_state
2019-07-30 06:11:51,236 DEBUG:S: [f1] ENTRY_SIGNAL:outer_state
2019-07-30 06:11:51,237 DEBUG:S: [f1] hello from outer_state
2019-07-30 06:11:51,237 DEBUG:S: [f1] INIT_SIGNAL:outer_state
2019-07-30 06:11:51,237 DEBUG:S: [f1] init
2019-07-30 06:11:51,237 DEBUG:S: [f1] SEARCH_FOR_SUPER_SIGNAL:inner_state
2019-07-30 06:11:51,237 DEBUG:S: [f1] ENTRY_SIGNAL:inner_state
2019-07-30 06:11:51,237 DEBUG:S: [f1] hello from inner_state
2019-07-30 06:11:51,237 DEBUG:S: [f1] INIT_SIGNAL:inner_state
2019-07-30 06:11:51,237 DEBUG:S: [f1] <- Queued:(0) Deferred:(0)
2019-07-30 06:11:51,239 DEBUG:T: [f2] e->start_at() top->inner_state
2019-07-30 06:11:51,239 DEBUG:S: [f2] START
2019-07-30 06:11:51,239 DEBUG:S: [f2] SEARCH_FOR_SUPER_SIGNAL:inner_state
2019-07-30 06:11:51,240 DEBUG:S: [f2] SEARCH_FOR_SUPER_SIGNAL:outer_state
2019-07-30 06:11:51,240 DEBUG:S: [f2] ENTRY_SIGNAL:outer_state
2019-07-30 06:11:51,240 DEBUG:S: [f2] hello from outer_state
2019-07-30 06:11:51,240 DEBUG:S: [f2] ENTRY_SIGNAL:inner_state
2019-07-30 06:11:51,240 DEBUG:S: [f2] hello from inner_state
2019-07-30 06:11:51,240 DEBUG:S: [f2] INIT_SIGNAL:inner_state
2019-07-30 06:11:51,240 DEBUG:S: [f2] <- Queued:(0) Deferred:(0)
2019-07-30 06:11:51,241 DEBUG:S: [f1] Hook:inner_state
2019-07-30 06:11:51,241 DEBUG:S: [f1] Hook:outer_state
2019-07-30 06:11:51,241 DEBUG:S: [f1] run some code, but don't transition
2019-07-30 06:11:51,242 DEBUG:S: [f1] Hook:outer_state:HOOK
2019-07-30 06:11:51,242 DEBUG:S: [f1] <- Queued:(1) Deferred:(0)
2019-07-30 06:11:51,243 DEBUG:T: [f1] e->Reset() inner_state->inner_state
2019-07-30 06:11:51,243 DEBUG:S: [f1] Reset:inner_state
2019-07-30 06:11:51,243 DEBUG:S: [f1] Reset:outer_state
2019-07-30 06:11:51,244 DEBUG:S: [f1] EXIT_SIGNAL:inner_state
2019-07-30 06:11:51,244 DEBUG:S: [f1] exiting inner_state
2019-07-30 06:11:51,244 DEBUG:S: [f1] SEARCH_FOR_SUPER_SIGNAL:inner_state
2019-07-30 06:11:51,244 DEBUG:S: [f1] EXIT_SIGNAL:outer_state
2019-07-30 06:11:51,244 DEBUG:S: [f1] exiting the outer_state
2019-07-30 06:11:51,244 DEBUG:S: [f1] ENTRY_SIGNAL:outer_state
2019-07-30 06:11:51,244 DEBUG:S: [f1] hello from outer_state
2019-07-30 06:11:51,245 DEBUG:S: [f1] INIT_SIGNAL:outer_state
2019-07-30 06:11:51,245 DEBUG:S: [f1] init
2019-07-30 06:11:51,245 DEBUG:S: [f1] SEARCH_FOR_SUPER_SIGNAL:inner_state
2019-07-30 06:11:51,245 DEBUG:S: [f1] ENTRY_SIGNAL:inner_state
2019-07-30 06:11:51,245 DEBUG:S: [f1] hello from inner_state
2019-07-30 06:11:51,245 DEBUG:S: [f1] INIT_SIGNAL:inner_state
2019-07-30 06:11:51,245 DEBUG:S: [f1] <- Queued:(0) Deferred:(0)
2019-07-30 06:11:51,246 DEBUG:S: [f2] Hook:inner_state
2019-07-30 06:11:51,246 DEBUG:S: [f2] Hook:outer_state
2019-07-30 06:11:51,246 DEBUG:S: [f2] run some code, but don't transition
2019-07-30 06:11:51,246 DEBUG:S: [f2] Hook:outer_state:HOOK
2019-07-30 06:11:51,246 DEBUG:S: [f2] <- Queued:(1) Deferred:(0)
2019-07-30 06:11:51,248 DEBUG:T: [f2] e->Reset() inner_state->inner_state
2019-07-30 06:11:51,248 DEBUG:S: [f2] Reset:inner_state
2019-07-30 06:11:51,248 DEBUG:S: [f2] Reset:outer_state
2019-07-30 06:11:51,248 DEBUG:S: [f2] EXIT_SIGNAL:inner_state
2019-07-30 06:11:51,248 DEBUG:S: [f2] exiting inner_state
2019-07-30 06:11:51,249 DEBUG:S: [f2] SEARCH_FOR_SUPER_SIGNAL:inner_state
2019-07-30 06:11:51,249 DEBUG:S: [f2] EXIT_SIGNAL:outer_state
2019-07-30 06:11:51,249 DEBUG:S: [f2] exiting the outer_state
2019-07-30 06:11:51,249 DEBUG:S: [f2] ENTRY_SIGNAL:outer_state
2019-07-30 06:11:51,249 DEBUG:S: [f2] hello from outer_state
2019-07-30 06:11:51,249 DEBUG:S: [f2] INIT_SIGNAL:outer_state
2019-07-30 06:11:51,249 DEBUG:S: [f2] init
2019-07-30 06:11:51,249 DEBUG:S: [f2] SEARCH_FOR_SUPER_SIGNAL:inner_state
2019-07-30 06:11:51,250 DEBUG:S: [f2] ENTRY_SIGNAL:inner_state
2019-07-30 06:11:51,250 DEBUG:S: [f2] hello from inner_state
2019-07-30 06:11:51,250 DEBUG:S: [f2] INIT_SIGNAL:inner_state
2019-07-30 06:11:51,250 DEBUG:S: [f2] <- Queued:(0) Deferred:(0)
2019-07-30 06:11:56,229 DEBUG:T: [f1] e->start_at() top->inner_state
2019-07-30 06:11:56,229 DEBUG:S: [f1] START
2019-07-30 06:11:56,230 DEBUG:S: [f1] SEARCH_FOR_SUPER_SIGNAL:outer_state
2019-07-30 06:11:56,230 DEBUG:S: [f1] ENTRY_SIGNAL:outer_state
2019-07-30 06:11:56,230 DEBUG:S: [f1] hello from outer_state
2019-07-30 06:11:56,230 DEBUG:S: [f1] INIT_SIGNAL:outer_state
2019-07-30 06:11:56,230 DEBUG:S: [f1] init
2019-07-30 06:11:56,230 DEBUG:S: [f1] SEARCH_FOR_SUPER_SIGNAL:inner_state
2019-07-30 06:11:56,230 DEBUG:S: [f1] ENTRY_SIGNAL:inner_state
2019-07-30 06:11:56,230 DEBUG:S: [f1] hello from inner_state
2019-07-30 06:11:56,231 DEBUG:S: [f1] INIT_SIGNAL:inner_state
2019-07-30 06:11:56,231 DEBUG:S: [f1] <- Queued:(0) Deferred:(0)
2019-07-30 06:11:56,232 DEBUG:T: [f2] e->start_at() top->inner_state
2019-07-30 06:11:56,233 DEBUG:S: [f2] START
2019-07-30 06:11:56,233 DEBUG:S: [f2] SEARCH_FOR_SUPER_SIGNAL:inner_state
2019-07-30 06:11:56,233 DEBUG:S: [f2] SEARCH_FOR_SUPER_SIGNAL:outer_state
2019-07-30 06:11:56,233 DEBUG:S: [f2] ENTRY_SIGNAL:outer_state
2019-07-30 06:11:56,233 DEBUG:S: [f2] hello from outer_state
2019-07-30 06:11:56,233 DEBUG:S: [f2] ENTRY_SIGNAL:inner_state
2019-07-30 06:11:56,233 DEBUG:S: [f2] hello from inner_state
2019-07-30 06:11:56,234 DEBUG:S: [f2] INIT_SIGNAL:inner_state
2019-07-30 06:11:56,234 DEBUG:S: [f2] <- Queued:(0) Deferred:(0)
2019-07-30 06:11:56,234 DEBUG:S: [f1] Hook:inner_state
2019-07-30 06:11:56,235 DEBUG:S: [f1] Hook:outer_state
2019-07-30 06:11:56,235 DEBUG:S: [f2] Hook:inner_state
2019-07-30 06:11:56,235 DEBUG:S: [f1] run some code, but don't transition
2019-07-30 06:11:56,235 DEBUG:S: [f2] Hook:outer_state
2019-07-30 06:11:56,236 DEBUG:S: [f1] Hook:outer_state:HOOK
2019-07-30 06:11:56,236 DEBUG:S: [f2] run some code, but don't transition
2019-07-30 06:11:56,236 DEBUG:S: [f1] <- Queued:(1) Deferred:(0)
2019-07-30 06:11:56,236 DEBUG:S: [f2] Hook:outer_state:HOOK
2019-07-30 06:11:56,238 DEBUG:T: [f1] e->Reset() inner_state->inner_state
2019-07-30 06:11:56,238 DEBUG:S: [f2] <- Queued:(1) Deferred:(0)
2019-07-30 06:11:56,238 DEBUG:S: [f1] Reset:inner_state
2019-07-30 06:11:56,239 DEBUG:T: [f2] e->Reset() inner_state->inner_state
2019-07-30 06:11:56,240 DEBUG:S: [f1] Reset:outer_state
2019-07-30 06:11:56,240 DEBUG:S: [f2] Reset:inner_state
2019-07-30 06:11:56,240 DEBUG:S: [f1] EXIT_SIGNAL:inner_state
2019-07-30 06:11:56,240 DEBUG:S: [f2] Reset:outer_state
2019-07-30 06:11:56,240 DEBUG:S: [f1] exiting inner_state
2019-07-30 06:11:56,240 DEBUG:S: [f2] EXIT_SIGNAL:inner_state
2019-07-30 06:11:56,241 DEBUG:S: [f1] SEARCH_FOR_SUPER_SIGNAL:inner_state
2019-07-30 06:11:56,241 DEBUG:S: [f2] exiting inner_state
2019-07-30 06:11:56,241 DEBUG:S: [f1] EXIT_SIGNAL:outer_state
2019-07-30 06:11:56,241 DEBUG:S: [f2] SEARCH_FOR_SUPER_SIGNAL:inner_state
2019-07-30 06:11:56,241 DEBUG:S: [f1] exiting the outer_state
2019-07-30 06:11:56,242 DEBUG:S: [f2] EXIT_SIGNAL:outer_state
2019-07-30 06:11:56,242 DEBUG:S: [f1] ENTRY_SIGNAL:outer_state
2019-07-30 06:11:56,242 DEBUG:S: [f2] exiting the outer_state
2019-07-30 06:11:56,242 DEBUG:S: [f1] hello from outer_state
2019-07-30 06:11:56,242 DEBUG:S: [f2] ENTRY_SIGNAL:outer_state
2019-07-30 06:11:56,243 DEBUG:S: [f1] INIT_SIGNAL:outer_state
2019-07-30 06:11:56,243 DEBUG:S: [f2] hello from outer_state
2019-07-30 06:11:56,243 DEBUG:S: [f1] init
2019-07-30 06:11:56,243 DEBUG:S: [f2] INIT_SIGNAL:outer_state
2019-07-30 06:11:56,243 DEBUG:S: [f1] SEARCH_FOR_SUPER_SIGNAL:inner_state
2019-07-30 06:11:56,244 DEBUG:S: [f2] init
2019-07-30 06:11:56,244 DEBUG:S: [f1] ENTRY_SIGNAL:inner_state
2019-07-30 06:11:56,244 DEBUG:S: [f2] SEARCH_FOR_SUPER_SIGNAL:inner_state
2019-07-30 06:11:56,244 DEBUG:S: [f1] hello from inner_state
2019-07-30 06:11:56,244 DEBUG:S: [f2] ENTRY_SIGNAL:inner_state
2019-07-30 06:11:56,245 DEBUG:S: [f1] INIT_SIGNAL:inner_state
2019-07-30 06:11:56,245 DEBUG:S: [f2] hello from inner_state
2019-07-30 06:11:56,245 DEBUG:S: [f1] <- Queued:(0) Deferred:(0)
2019-07-30 06:11:56,245 DEBUG:S: [f2] INIT_SIGNAL:inner_state
2019-07-30 06:15:04,739 DEBUG:T: [f1] e->start_at() top->inner_state
2019-07-30 06:15:04,739 DEBUG:S: [f1] START
2019-07-30 06:15:04,739 DEBUG:S: [f1] SEARCH_FOR_SUPER_SIGNAL:outer_state
2019-07-30 06:15:04,739 DEBUG:S: [f1] ENTRY_SIGNAL:outer_state
2019-07-30 06:15:04,739 DEBUG:S: [f1] hello from outer_state
2019-07-30 06:15:04,739 DEBUG:S: [f1] INIT_SIGNAL:outer_state
2019-07-30 06:15:04,740 DEBUG:S: [f1] init
2019-07-30 06:15:04,740 DEBUG:S: [f1] SEARCH_FOR_SUPER_SIGNAL:inner_state
2019-07-30 06:15:04,740 DEBUG:S: [f1] ENTRY_SIGNAL:inner_state
2019-07-30 06:15:04,740 DEBUG:S: [f1] hello from inner_state
2019-07-30 06:15:04,740 DEBUG:S: [f1] INIT_SIGNAL:inner_state
2019-07-30 06:15:04,740 DEBUG:S: [f1] <- Queued:(0) Deferred:(0)
2019-07-30 06:15:04,742 DEBUG:T: [f2] e->start_at() top->inner_state
2019-07-30 06:15:04,742 DEBUG:S: [f2] START
2019-07-30 06:15:04,742 DEBUG:S: [f2] SEARCH_FOR_SUPER_SIGNAL:inner_state
2019-07-30 06:15:04,742 DEBUG:S: [f2] SEARCH_FOR_SUPER_SIGNAL:outer_state
2019-07-30 06:15:04,743 DEBUG:S: [f2] ENTRY_SIGNAL:outer_state
2019-07-30 06:15:04,743 DEBUG:S: [f2] hello from outer_state
2019-07-30 06:15:04,743 DEBUG:S: [f2] ENTRY_SIGNAL:inner_state
2019-07-30 06:15:04,743 DEBUG:S: [f2] hello from inner_state
2019-07-30 06:15:04,743 DEBUG:S: [f2] INIT_SIGNAL:inner_state
2019-07-30 06:15:04,743 DEBUG:S: [f2] <- Queued:(0) Deferred:(0)
2019-07-30 06:15:04,744 DEBUG:S: [f1] Hook:inner_state
2019-07-30 06:15:04,744 DEBUG:S: [f1] Hook:outer_state
2019-07-30 06:15:04,744 DEBUG:S: [f1] run some code, but don't transition
2019-07-30 06:15:04,744 DEBUG:S: [f1] Hook:outer_state:HOOK
2019-07-30 06:15:04,745 DEBUG:S: [f1] <- Queued:(1) Deferred:(0)
2019-07-30 06:15:04,745 DEBUG:S: [f2] Hook:inner_state
2019-07-30 06:15:04,746 DEBUG:T: [f1] e->Reset() inner_state->inner_state
2019-07-30 06:15:04,747 DEBUG:S: [f2] Hook:outer_state
2019-07-30 06:15:04,747 DEBUG:S: [f1] Reset:inner_state
2019-07-30 06:15:04,747 DEBUG:S: [f2] run some code, but don't transition
2019-07-30 06:15:04,747 DEBUG:S: [f1] Reset:outer_state
2019-07-30 06:15:04,747 DEBUG:S: [f2] Hook:outer_state:HOOK
2019-07-30 06:15:04,747 DEBUG:S: [f1] EXIT_SIGNAL:inner_state
2019-07-30 06:15:04,748 DEBUG:S: [f2] <- Queued:(1) Deferred:(0)
2019-07-30 06:15:04,748 DEBUG:S: [f1] exiting inner_state
2019-07-30 06:15:04,749 DEBUG:T: [f2] e->Reset() inner_state->inner_state
2019-07-30 06:15:04,750 DEBUG:S: [f1] SEARCH_FOR_SUPER_SIGNAL:inner_state
2019-07-30 06:15:04,750 DEBUG:S: [f2] Reset:inner_state
2019-07-30 06:15:04,750 DEBUG:S: [f1] EXIT_SIGNAL:outer_state
2019-07-30 06:15:04,750 DEBUG:S: [f2] Reset:outer_state
2019-07-30 06:15:04,750 DEBUG:S: [f1] exiting the outer_state
2019-07-30 06:15:04,751 DEBUG:S: [f2] EXIT_SIGNAL:inner_state
2019-07-30 06:15:04,751 DEBUG:S: [f1] ENTRY_SIGNAL:outer_state
2019-07-30 06:15:04,751 DEBUG:S: [f2] exiting inner_state
2019-07-30 06:15:04,751 DEBUG:S: [f1] hello from outer_state
2019-07-30 06:15:04,751 DEBUG:S: [f2] SEARCH_FOR_SUPER_SIGNAL:inner_state
2019-07-30 06:15:04,751 DEBUG:S: [f1] INIT_SIGNAL:outer_state
2019-07-30 06:15:04,752 DEBUG:S: [f2] EXIT_SIGNAL:outer_state
2019-07-30 06:15:04,752 DEBUG:S: [f1] init
2019-07-30 06:15:04,752 DEBUG:S: [f2] exiting the outer_state
2019-07-30 06:15:04,752 DEBUG:S: [f1] SEARCH_FOR_SUPER_SIGNAL:inner_state
2019-07-30 06:15:04,752 DEBUG:S: [f2] ENTRY_SIGNAL:outer_state
2019-07-30 06:15:04,753 DEBUG:S: [f1] ENTRY_SIGNAL:inner_state
2019-07-30 06:15:04,753 DEBUG:S: [f2] hello from outer_state
2019-07-30 06:15:04,753 DEBUG:S: [f1] hello from inner_state
2019-07-30 06:15:04,753 DEBUG:S: [f2] INIT_SIGNAL:outer_state
2019-07-30 06:15:04,753 DEBUG:S: [f1] INIT_SIGNAL:inner_state
2019-07-30 06:15:04,754 DEBUG:S: [f2] init
2019-07-30 06:15:04,754 DEBUG:S: [f1] <- Queued:(0) Deferred:(0)
2019-07-30 06:15:18,547 DEBUG:T: [f1] e->start_at() top->inner_state
2019-07-30 06:15:18,548 DEBUG:S: [f1] START
2019-07-30 06:15:18,548 DEBUG:S: [f1] SEARCH_FOR_SUPER_SIGNAL:outer_state
2019-07-30 06:15:18,548 DEBUG:S: [f1] ENTRY_SIGNAL:outer_state
2019-07-30 06:15:18,548 DEBUG:S: [f1] hello from outer_state
2019-07-30 06:15:18,548 DEBUG:S: [f1] INIT_SIGNAL:outer_state
2019-07-30 06:15:18,548 DEBUG:S: [f1] init
2019-07-30 06:15:18,548 DEBUG:S: [f1] SEARCH_FOR_SUPER_SIGNAL:inner_state
2019-07-30 06:15:18,549 DEBUG:S: [f1] ENTRY_SIGNAL:inner_state
2019-07-30 06:15:18,549 DEBUG:S: [f1] hello from inner_state
2019-07-30 06:15:18,549 DEBUG:S: [f1] INIT_SIGNAL:inner_state
2019-07-30 06:15:18,549 DEBUG:S: [f1] <- Queued:(0) Deferred:(0)
2019-07-30 06:15:18,551 DEBUG:T: [f2] e->start_at() top->inner_state
2019-07-30 06:15:18,551 DEBUG:S: [f1] Hook:inner_state
2019-07-30 06:15:18,551 DEBUG:S: [f2] START
2019-07-30 06:15:18,552 DEBUG:S: [f1] Hook:outer_state
2019-07-30 06:15:18,552 DEBUG:S: [f2] SEARCH_FOR_SUPER_SIGNAL:inner_state
2019-07-30 06:15:18,552 DEBUG:S: [f1] run some code, but don't transition
2019-07-30 06:15:18,552 DEBUG:S: [f2] SEARCH_FOR_SUPER_SIGNAL:outer_state
2019-07-30 06:15:18,552 DEBUG:S: [f1] Hook:outer_state:HOOK
2019-07-30 06:15:18,553 DEBUG:S: [f2] ENTRY_SIGNAL:outer_state
2019-07-30 06:15:18,553 DEBUG:S: [f1] <- Queued:(1) Deferred:(0)
2019-07-30 06:15:18,553 DEBUG:S: [f2] hello from outer_state
2019-07-30 06:15:18,555 DEBUG:T: [f1] e->Reset() inner_state->inner_state
2019-07-30 06:15:18,555 DEBUG:S: [f2] ENTRY_SIGNAL:inner_state
2019-07-30 06:15:18,555 DEBUG:S: [f1] Reset:inner_state
2019-07-30 06:15:18,555 DEBUG:S: [f2] hello from inner_state
2019-07-30 06:15:18,555 DEBUG:S: [f1] Reset:outer_state
2019-07-30 06:15:18,556 DEBUG:S: [f2] INIT_SIGNAL:inner_state
2019-07-30 06:15:18,556 DEBUG:S: [f1] EXIT_SIGNAL:inner_state
2019-07-30 06:15:18,556 DEBUG:S: [f2] <- Queued:(0) Deferred:(0)
2019-07-30 06:15:18,556 DEBUG:S: [f1] exiting inner_state
2019-07-30 06:15:18,557 DEBUG:S: [f1] SEARCH_FOR_SUPER_SIGNAL:inner_state
2019-07-30 06:15:18,557 DEBUG:S: [f1] EXIT_SIGNAL:outer_state
2019-07-30 06:15:18,557 DEBUG:S: [f1] exiting the outer_state
2019-07-30 06:15:18,557 DEBUG:S: [f1] ENTRY_SIGNAL:outer_state
2019-07-30 06:15:18,557 DEBUG:S: [f1] hello from outer_state
2019-07-30 06:15:18,558 DEBUG:S: [f1] INIT_SIGNAL:outer_state
2019-07-30 06:15:18,558 DEBUG:S: [f1] init
2019-07-30 06:15:18,558 DEBUG:S: [f1] SEARCH_FOR_SUPER_SIGNAL:inner_state
2019-07-30 06:15:18,558 DEBUG:S: [f1] ENTRY_SIGNAL:inner_state
2019-07-30 06:15:18,558 DEBUG:S: [f1] hello from inner_state
2019-07-30 06:15:18,558 DEBUG:S: [f1] INIT_SIGNAL:inner_state
2019-07-30 06:15:18,558 DEBUG:S: [f1] <- Queued:(0) Deferred:(0)
2019-07-30 06:15:18,559 DEBUG:S: [f2] Hook:inner_state
2019-07-30 06:15:18,559 DEBUG:S: [f2] Hook:outer_state
2019-07-30 06:15:18,559 DEBUG:S: [f2] run some code, but don't transition
2019-07-30 06:15:18,559 DEBUG:S: [f2] Hook:outer_state:HOOK
2019-07-30 06:15:18,560 DEBUG:S: [f2] <- Queued:(1) Deferred:(0)
2019-07-30 06:15:18,561 DEBUG:T: [f2] e->Reset() inner_state->inner_state
2019-07-30 06:15:18,561 DEBUG:S: [f2] Reset:inner_state
2019-07-30 06:15:18,561 DEBUG:S: [f2] Reset:outer_state
2019-07-30 06:15:18,561 DEBUG:S: [f2] EXIT_SIGNAL:inner_state
2019-07-30 06:15:18,562 DEBUG:S: [f2] exiting inner_state
2019-07-30 06:15:18,562 DEBUG:S: [f2] SEARCH_FOR_SUPER_SIGNAL:inner_state
2019-07-30 06:15:18,562 DEBUG:S: [f2] EXIT_SIGNAL:outer_state
2019-07-30 06:15:18,562 DEBUG:S: [f2] exiting the outer_state
2019-07-30 06:15:18,562 DEBUG:S: [f2] ENTRY_SIGNAL:outer_state
2019-07-30 06:15:18,562 DEBUG:S: [f2] hello from outer_state
2019-07-30 06:15:18,562 DEBUG:S: [f2] INIT_SIGNAL:outer_state
2019-07-30 06:15:18,563 DEBUG:S: [f2] init
2019-07-30 06:15:18,563 DEBUG:S: [f2] SEARCH_FOR_SUPER_SIGNAL:inner_state
2019-07-30 06:15:18,563 DEBUG:S: [f2] ENTRY_SIGNAL:inner_state
2019-07-30 06:15:18,563 DEBUG:S: [f2] hello from inner_state
2019-07-30 06:15:18,563 DEBUG:S: [f2] INIT_SIGNAL:inner_state
2019-07-30 06:15:18,563 DEBUG:S: [f2] <- Queued:(0) Deferred:(0)
2019-07-30 06:21:13,278 DEBUG:T: [f1] e->start_at() top->inner_state
2019-07-30 06:21:13,278 DEBUG:S: [f1] START
2019-07-30 06:21:13,278 DEBUG:S: [f1] SEARCH_FOR_SUPER_SIGNAL:outer_state
2019-07-30 06:21:13,278 DEBUG:S: [f1] ENTRY_SIGNAL:outer_state
2019-07-30 06:21:13,278 DEBUG:S: [f1] hello from outer_state
2019-07-30 06:21:13,279 DEBUG:S: [f1] INIT_SIGNAL:outer_state
2019-07-30 06:21:13,279 DEBUG:S: [f1] init
2019-07-30 06:21:13,279 DEBUG:S: [f1] SEARCH_FOR_SUPER_SIGNAL:inner_state
2019-07-30 06:21:13,279 DEBUG:S: [f1] ENTRY_SIGNAL:inner_state
2019-07-30 06:21:13,279 DEBUG:S: [f1] hello from inner_state
2019-07-30 06:21:13,279 DEBUG:S: [f1] INIT_SIGNAL:inner_state
2019-07-30 06:21:13,279 DEBUG:S: [f1] <- Queued:(0) Deferred:(0)
2019-07-30 06:21:13,281 DEBUG:T: [f2] e->start_at() top->inner_state
2019-07-30 06:21:13,282 DEBUG:S: [f1] Hook:inner_state
2019-07-30 06:21:13,282 DEBUG:S: [f2] START
2019-07-30 06:21:13,282 DEBUG:S: [f1] Hook:outer_state
2019-07-30 06:21:13,282 DEBUG:S: [f2] SEARCH_FOR_SUPER_SIGNAL:inner_state
2019-07-30 06:21:13,282 DEBUG:S: [f1] run some code, but don't transition
2019-07-30 06:21:13,282 DEBUG:S: [f2] SEARCH_FOR_SUPER_SIGNAL:outer_state
2019-07-30 06:21:13,283 DEBUG:S: [f1] Hook:outer_state:HOOK
2019-07-30 06:21:13,283 DEBUG:S: [f2] ENTRY_SIGNAL:outer_state
2019-07-30 06:21:13,283 DEBUG:S: [f1] <- Queued:(1) Deferred:(0)
2019-07-30 06:21:13,283 DEBUG:S: [f2] hello from outer_state
2019-07-30 06:21:13,285 DEBUG:T: [f1] e->Reset() inner_state->inner_state
2019-07-30 06:21:13,285 DEBUG:S: [f2] ENTRY_SIGNAL:inner_state
2019-07-30 06:21:13,285 DEBUG:S: [f1] Reset:inner_state
2019-07-30 06:21:13,285 DEBUG:S: [f2] hello from inner_state
2019-07-30 06:21:13,285 DEBUG:S: [f1] Reset:outer_state
2019-07-30 06:21:13,286 DEBUG:S: [f2] INIT_SIGNAL:inner_state
2019-07-30 06:21:13,286 DEBUG:S: [f1] EXIT_SIGNAL:inner_state
2019-07-30 06:21:13,286 DEBUG:S: [f2] <- Queued:(0) Deferred:(0)
2019-07-30 06:21:13,286 DEBUG:S: [f1] exiting inner_state
2019-07-30 06:21:13,287 DEBUG:S: [f1] SEARCH_FOR_SUPER_SIGNAL:inner_state
2019-07-30 06:21:13,287 DEBUG:S: [f1] EXIT_SIGNAL:outer_state
2019-07-30 06:21:13,287 DEBUG:S: [f1] exiting the outer_state
2019-07-30 06:21:13,287 DEBUG:S: [f1] ENTRY_SIGNAL:outer_state
2019-07-30 06:21:13,287 DEBUG:S: [f1] hello from outer_state
2019-07-30 06:21:13,287 DEBUG:S: [f1] INIT_SIGNAL:outer_state
2019-07-30 06:21:13,288 DEBUG:S: [f1] init
2019-07-30 06:21:13,288 DEBUG:S: [f2] Hook:inner_state
2019-07-30 06:21:13,288 DEBUG:S: [f1] SEARCH_FOR_SUPER_SIGNAL:inner_state
2019-07-30 06:21:13,288 DEBUG:S: [f2] Hook:outer_state
2019-07-30 06:21:13,288 DEBUG:S: [f1] ENTRY_SIGNAL:inner_state
2019-07-30 06:21:13,289 DEBUG:S: [f2] run some code, but don't transition
2019-07-30 06:21:13,289 DEBUG:S: [f1] hello from inner_state
2019-07-30 06:21:13,289 DEBUG:S: [f2] Hook:outer_state:HOOK
2019-07-30 06:21:13,289 DEBUG:S: [f1] INIT_SIGNAL:inner_state
2019-07-30 06:21:13,289 DEBUG:S: [f2] <- Queued:(1) Deferred:(0)
2019-07-30 06:21:13,289 DEBUG:S: [f1] <- Queued:(0) Deferred:(0)
2019-07-30 06:21:13,291 DEBUG:T: [f2] e->Reset() inner_state->inner_state
2019-07-30 06:21:13,291 DEBUG:S: [f2] Reset:inner_state
2019-07-30 06:21:13,291 DEBUG:S: [f2] Reset:outer_state
2019-07-30 06:21:13,291 DEBUG:S: [f2] EXIT_SIGNAL:inner_state
2019-07-30 06:21:13,292 DEBUG:S: [f2] exiting inner_state
2019-07-30 06:21:13,292 DEBUG:S: [f2] SEARCH_FOR_SUPER_SIGNAL:inner_state
2019-07-30 06:21:13,292 DEBUG:S: [f2] EXIT_SIGNAL:outer_state
2019-07-30 06:21:13,292 DEBUG:S: [f2] exiting the outer_state
2019-07-30 06:21:13,292 DEBUG:S: [f2] ENTRY_SIGNAL:outer_state
2019-07-30 06:21:13,292 DEBUG:S: [f2] hello from outer_state
2019-07-30 06:21:13,292 DEBUG:S: [f2] INIT_SIGNAL:outer_state
2019-07-30 06:21:13,293 DEBUG:S: [f2] init
2019-07-30 06:21:13,293 DEBUG:S: [f2] SEARCH_FOR_SUPER_SIGNAL:inner_state
2019-07-30 06:21:13,293 DEBUG:S: [f2] ENTRY_SIGNAL:inner_state
2019-07-30 06:21:13,293 DEBUG:S: [f2] hello from inner_state
2019-07-30 06:21:13,293 DEBUG:S: [f2] INIT_SIGNAL:inner_state
2019-07-30 06:21:13,293 DEBUG:S: [f2] <- Queued:(0) Deferred:(0)
2019-07-30 06:23:25,975 DEBUG:T: [f1] e->start_at() top->inner_state
2019-07-30 06:23:25,975 DEBUG:S: [f1] START
2019-07-30 06:23:25,975 DEBUG:S: [f1] SEARCH_FOR_SUPER_SIGNAL:outer_state
2019-07-30 06:23:25,976 DEBUG:S: [f1] ENTRY_SIGNAL:outer_state
2019-07-30 06:23:25,976 DEBUG:S: [f1] hello from outer_state
2019-07-30 06:23:25,976 DEBUG:S: [f1] INIT_SIGNAL:outer_state
2019-07-30 06:23:25,976 DEBUG:S: [f1] init
2019-07-30 06:23:25,976 DEBUG:S: [f1] SEARCH_FOR_SUPER_SIGNAL:inner_state
2019-07-30 06:23:25,976 DEBUG:S: [f1] ENTRY_SIGNAL:inner_state
2019-07-30 06:23:25,976 DEBUG:S: [f1] hello from inner_state
2019-07-30 06:23:25,976 DEBUG:S: [f1] INIT_SIGNAL:inner_state
2019-07-30 06:23:25,977 DEBUG:S: [f1] <- Queued:(0) Deferred:(0)
2019-07-30 06:23:25,978 DEBUG:T: [f2] e->start_at() top->inner_state
2019-07-30 06:23:25,978 DEBUG:S: [f2] START
2019-07-30 06:23:25,979 DEBUG:S: [f2] SEARCH_FOR_SUPER_SIGNAL:inner_state
2019-07-30 06:23:25,979 DEBUG:S: [f2] SEARCH_FOR_SUPER_SIGNAL:outer_state
2019-07-30 06:23:25,979 DEBUG:S: [f2] ENTRY_SIGNAL:outer_state
2019-07-30 06:23:25,979 DEBUG:S: [f2] hello from outer_state
2019-07-30 06:23:25,979 DEBUG:S: [f2] ENTRY_SIGNAL:inner_state
2019-07-30 06:23:25,979 DEBUG:S: [f2] hello from inner_state
2019-07-30 06:23:25,979 DEBUG:S: [f2] INIT_SIGNAL:inner_state
2019-07-30 06:23:25,980 DEBUG:S: [f2] <- Queued:(0) Deferred:(0)
2019-07-30 06:23:25,980 DEBUG:S: [f1] Hook:inner_state
2019-07-30 06:23:25,980 DEBUG:S: [f1] Hook:outer_state
2019-07-30 06:23:25,981 DEBUG:S: [f1] run some code, but don't transition
2019-07-30 06:23:25,981 DEBUG:S: [f1] Hook:outer_state:HOOK
2019-07-30 06:23:25,981 DEBUG:S: [f1] <- Queued:(1) Deferred:(0)
2019-07-30 06:23:25,982 DEBUG:T: [f1] e->Reset() inner_state->inner_state
2019-07-30 06:23:25,982 DEBUG:S: [f1] Reset:inner_state
2019-07-30 06:23:25,983 DEBUG:S: [f1] Reset:outer_state
2019-07-30 06:23:25,983 DEBUG:S: [f1] EXIT_SIGNAL:inner_state
2019-07-30 06:23:25,983 DEBUG:S: [f1] exiting inner_state
2019-07-30 06:23:25,983 DEBUG:S: [f1] SEARCH_FOR_SUPER_SIGNAL:inner_state
2019-07-30 06:23:25,983 DEBUG:S: [f1] EXIT_SIGNAL:outer_state
2019-07-30 06:23:25,983 DEBUG:S: [f1] exiting the outer_state
2019-07-30 06:23:25,983 DEBUG:S: [f1] ENTRY_SIGNAL:outer_state
2019-07-30 06:23:25,984 DEBUG:S: [f1] hello from outer_state
2019-07-30 06:23:25,984 DEBUG:S: [f1] INIT_SIGNAL:outer_state
2019-07-30 06:23:25,984 DEBUG:S: [f1] init
2019-07-30 06:23:25,984 DEBUG:S: [f1] SEARCH_FOR_SUPER_SIGNAL:inner_state
2019-07-30 06:23:25,984 DEBUG:S: [f1] ENTRY_SIGNAL:inner_state
2019-07-30 06:23:25,984 DEBUG:S: [f1] hello from inner_state
2019-07-30 06:23:25,984 DEBUG:S: [f1] INIT_SIGNAL:inner_state
2019-07-30 06:23:25,984 DEBUG:S: [f1] <- Queued:(0) Deferred:(0)
2019-07-30 06:23:25,985 DEBUG:S: [f2] Hook:inner_state
2019-07-30 06:23:25,985 DEBUG:S: [f2] Hook:outer_state
2019-07-30 06:23:25,985 DEBUG:S: [f2] run some code, but don't transition
2019-07-30 06:23:25,985 DEBUG:S: [f2] Hook:outer_state:HOOK
2019-07-30 06:23:25,986 DEBUG:S: [f2] <- Queued:(1) Deferred:(0)
2019-07-30 06:23:25,987 DEBUG:T: [f2] e->Reset() inner_state->inner_state
2019-07-30 06:23:25,987 DEBUG:S: [f2] Reset:inner_state
2019-07-30 06:23:25,987 DEBUG:S: [f2] Reset:outer_state
2019-07-30 06:23:25,987 DEBUG:S: [f2] EXIT_SIGNAL:inner_state
2019-07-30 06:23:25,988 DEBUG:S: [f2] exiting inner_state
2019-07-30 06:23:25,988 DEBUG:S: [f2] SEARCH_FOR_SUPER_SIGNAL:inner_state
2019-07-30 06:23:25,988 DEBUG:S: [f2] EXIT_SIGNAL:outer_state
2019-07-30 06:23:25,988 DEBUG:S: [f2] exiting the outer_state
2019-07-30 06:23:25,988 DEBUG:S: [f2] ENTRY_SIGNAL:outer_state
2019-07-30 06:23:25,988 DEBUG:S: [f2] hello from outer_state
2019-07-30 06:23:25,988 DEBUG:S: [f2] INIT_SIGNAL:outer_state
2019-07-30 06:23:25,988 DEBUG:S: [f2] init
2019-07-30 06:23:25,989 DEBUG:S: [f2] SEARCH_FOR_SUPER_SIGNAL:inner_state
2019-07-30 06:23:25,989 DEBUG:S: [f2] ENTRY_SIGNAL:inner_state
2019-07-30 06:23:25,989 DEBUG:S: [f2] hello from inner_state
2019-07-30 06:23:25,989 DEBUG:S: [f2] INIT_SIGNAL:inner_state
2019-07-30 06:23:25,989 DEBUG:S: [f2] <- Queued:(0) Deferred:(0)
2019-07-30 06:24:07,248 DEBUG:T: [f1] e->start_at() top->inner_state
2019-07-30 06:24:07,248 DEBUG:S: [f1] START
2019-07-30 06:24:07,249 DEBUG:S: [f1] SEARCH_FOR_SUPER_SIGNAL:outer_state
2019-07-30 06:24:07,249 DEBUG:S: [f1] ENTRY_SIGNAL:outer_state
2019-07-30 06:24:07,249 DEBUG:S: [f1] hello from outer_state
2019-07-30 06:24:07,249 DEBUG:S: [f1] INIT_SIGNAL:outer_state
2019-07-30 06:24:07,249 DEBUG:S: [f1] init
2019-07-30 06:24:07,249 DEBUG:S: [f1] SEARCH_FOR_SUPER_SIGNAL:inner_state
2019-07-30 06:24:07,249 DEBUG:S: [f1] ENTRY_SIGNAL:inner_state
2019-07-30 06:24:07,249 DEBUG:S: [f1] hello from inner_state
2019-07-30 06:24:07,250 DEBUG:S: [f1] INIT_SIGNAL:inner_state
2019-07-30 06:24:07,250 DEBUG:S: [f1] <- Queued:(0) Deferred:(0)
2019-07-30 06:24:07,251 DEBUG:T: [f2] e->start_at() top->inner_state
2019-07-30 06:24:07,252 DEBUG:S: [f1] Hook:inner_state
2019-07-30 06:24:07,252 DEBUG:S: [f2] START
2019-07-30 06:24:07,252 DEBUG:S: [f1] Hook:outer_state
2019-07-30 06:24:07,252 DEBUG:S: [f2] SEARCH_FOR_SUPER_SIGNAL:inner_state
2019-07-30 06:24:07,253 DEBUG:S: [f1] run some code, but don't transition
2019-07-30 06:24:07,253 DEBUG:S: [f2] SEARCH_FOR_SUPER_SIGNAL:outer_state
2019-07-30 06:24:07,253 DEBUG:S: [f1] Hook:outer_state:HOOK
2019-07-30 06:24:07,253 DEBUG:S: [f2] ENTRY_SIGNAL:outer_state
2019-07-30 06:24:07,253 DEBUG:S: [f1] <- Queued:(1) Deferred:(0)
2019-07-30 06:24:07,254 DEBUG:S: [f2] hello from outer_state
2019-07-30 06:24:07,255 DEBUG:T: [f1] e->Reset() inner_state->inner_state
2019-07-30 06:24:07,255 DEBUG:S: [f2] ENTRY_SIGNAL:inner_state
2019-07-30 06:24:07,255 DEBUG:S: [f1] Reset:inner_state
2019-07-30 06:24:07,256 DEBUG:S: [f2] hello from inner_state
2019-07-30 06:24:07,256 DEBUG:S: [f1] Reset:outer_state
2019-07-30 06:24:07,256 DEBUG:S: [f2] INIT_SIGNAL:inner_state
2019-07-30 06:24:07,256 DEBUG:S: [f1] EXIT_SIGNAL:inner_state
2019-07-30 06:24:07,256 DEBUG:S: [f2] <- Queued:(0) Deferred:(0)
2019-07-30 06:24:07,257 DEBUG:S: [f1] exiting inner_state
2019-07-30 06:24:07,257 DEBUG:S: [f1] SEARCH_FOR_SUPER_SIGNAL:inner_state
2019-07-30 06:24:07,257 DEBUG:S: [f1] EXIT_SIGNAL:outer_state
2019-07-30 06:24:07,257 DEBUG:S: [f1] exiting the outer_state
2019-07-30 06:24:07,257 DEBUG:S: [f1] ENTRY_SIGNAL:outer_state
2019-07-30 06:24:07,258 DEBUG:S: [f1] hello from outer_state
2019-07-30 06:24:07,258 DEBUG:S: [f1] INIT_SIGNAL:outer_state
2019-07-30 06:24:07,258 DEBUG:S: [f1] init
2019-07-30 06:24:07,258 DEBUG:S: [f1] SEARCH_FOR_SUPER_SIGNAL:inner_state
2019-07-30 06:24:07,258 DEBUG:S: [f1] ENTRY_SIGNAL:inner_state
2019-07-30 06:24:07,258 DEBUG:S: [f1] hello from inner_state
2019-07-30 06:24:07,259 DEBUG:S: [f1] INIT_SIGNAL:inner_state
2019-07-30 06:24:07,259 DEBUG:S: [f2] Hook:inner_state
2019-07-30 06:24:07,259 DEBUG:S: [f1] <- Queued:(0) Deferred:(0)
2019-07-30 06:24:07,259 DEBUG:S: [f2] Hook:outer_state
2019-07-30 06:24:07,260 DEBUG:S: [f2] run some code, but don't transition
2019-07-30 06:24:07,260 DEBUG:S: [f2] Hook:outer_state:HOOK
2019-07-30 06:24:07,260 DEBUG:S: [f2] <- Queued:(1) Deferred:(0)
2019-07-30 06:24:07,261 DEBUG:T: [f2] e->Reset() inner_state->inner_state
2019-07-30 06:24:07,261 DEBUG:S: [f2] Reset:inner_state
2019-07-30 06:24:07,262 DEBUG:S: [f2] Reset:outer_state
2019-07-30 06:24:07,262 DEBUG:S: [f2] EXIT_SIGNAL:inner_state
2019-07-30 06:24:07,262 DEBUG:S: [f2] exiting inner_state
2019-07-30 06:24:07,262 DEBUG:S: [f2] SEARCH_FOR_SUPER_SIGNAL:inner_state
2019-07-30 06:24:07,262 DEBUG:S: [f2] EXIT_SIGNAL:outer_state
2019-07-30 06:24:07,262 DEBUG:S: [f2] exiting the outer_state
2019-07-30 06:24:07,262 DEBUG:S: [f2] ENTRY_SIGNAL:outer_state
2019-07-30 06:24:07,263 DEBUG:S: [f2] hello from outer_state
2019-07-30 06:24:07,263 DEBUG:S: [f2] INIT_SIGNAL:outer_state
2019-07-30 06:24:07,263 DEBUG:S: [f2] init
2019-07-30 06:24:07,263 DEBUG:S: [f2] SEARCH_FOR_SUPER_SIGNAL:inner_state
2019-07-30 06:24:07,263 DEBUG:S: [f2] ENTRY_SIGNAL:inner_state
2019-07-30 06:24:07,263 DEBUG:S: [f2] hello from inner_state
2019-07-30 06:24:07,263 DEBUG:S: [f2] INIT_SIGNAL:inner_state
2019-07-30 06:24:07,264 DEBUG:S: [f2] <- Queued:(0) Deferred:(0)
