2019-07-26 11:37:22,674 DEBUG:T: [ao1] e->start_at() top->inner_state
2019-07-26 11:37:22,675 DEBUG:S: [ao1] START
2019-07-26 11:37:22,675 DEBUG:S: [ao1] SEARCH_FOR_SUPER_SIGNAL:outer_state
2019-07-26 11:37:22,675 DEBUG:S: [ao1] ENTRY_SIGNAL:outer_state
2019-07-26 11:37:22,675 DEBUG:S: [ao1] hello from outer_state
2019-07-26 11:37:22,675 DEBUG:S: [ao1] INIT_SIGNAL:outer_state
2019-07-26 11:37:22,675 DEBUG:S: [ao1] init
2019-07-26 11:37:22,676 DEBUG:S: [ao1] SEARCH_FOR_SUPER_SIGNAL:inner_state
2019-07-26 11:37:22,676 DEBUG:S: [ao1] ENTRY_SIGNAL:inner_state
2019-07-26 11:37:22,676 DEBUG:S: [ao1] hello from inner_state
2019-07-26 11:37:22,676 DEBUG:S: [ao1] INIT_SIGNAL:inner_state
2019-07-26 11:37:22,676 DEBUG:S: [ao1] <- Queued:(0) Deferred:(0)
2019-07-26 11:37:22,678 DEBUG:T: [ao2] e->start_at() top->inner_state
2019-07-26 11:37:22,678 DEBUG:S: [ao2] START
2019-07-26 11:37:22,678 DEBUG:S: [ao2] SEARCH_FOR_SUPER_SIGNAL:inner_state
2019-07-26 11:37:22,679 DEBUG:S: [ao2] SEARCH_FOR_SUPER_SIGNAL:outer_state
2019-07-26 11:37:22,679 DEBUG:S: [ao2] ENTRY_SIGNAL:outer_state
2019-07-26 11:37:22,679 DEBUG:S: [ao2] hello from outer_state
2019-07-26 11:37:22,679 DEBUG:S: [ao2] ENTRY_SIGNAL:inner_state
2019-07-26 11:37:22,679 DEBUG:S: [ao2] hello from inner_state
2019-07-26 11:37:22,679 DEBUG:S: [ao2] INIT_SIGNAL:inner_state
2019-07-26 11:37:22,680 DEBUG:S: [ao1] Hook:inner_state
2019-07-26 11:37:22,680 DEBUG:S: [ao2] <- Queued:(0) Deferred:(0)
2019-07-26 11:37:22,680 DEBUG:S: [ao1] Hook:outer_state
2019-07-26 11:37:22,681 DEBUG:S: [ao1] run some code, but don't transition
2019-07-26 11:37:22,681 DEBUG:S: [ao1] Hook:outer_state:HOOK
2019-07-26 11:37:22,681 DEBUG:S: [ao1] <- Queued:(1) Deferred:(0)
2019-07-26 11:37:22,682 DEBUG:T: [ao1] e->Reset() inner_state->inner_state
2019-07-26 11:37:22,682 DEBUG:S: [ao1] Reset:inner_state
2019-07-26 11:37:22,682 DEBUG:S: [ao1] Reset:outer_state
2019-07-26 11:37:22,682 DEBUG:S: [ao1] resetting the chart
2019-07-26 11:37:22,683 DEBUG:S: [ao1] EXIT_SIGNAL:inner_state
2019-07-26 11:37:22,683 DEBUG:S: [ao1] exiting inner_state
2019-07-26 11:37:22,683 DEBUG:S: [ao1] SEARCH_FOR_SUPER_SIGNAL:inner_state
2019-07-26 11:37:22,683 DEBUG:S: [ao1] EXIT_SIGNAL:outer_state
2019-07-26 11:37:22,683 DEBUG:S: [ao1] exiting outer_state
2019-07-26 11:37:22,683 DEBUG:S: [ao1] ENTRY_SIGNAL:outer_state
2019-07-26 11:37:22,684 DEBUG:S: [ao2] Hook:inner_state
2019-07-26 11:37:22,684 DEBUG:S: [ao1] hello from outer_state
2019-07-26 11:37:22,684 DEBUG:S: [ao2] Hook:outer_state
2019-07-26 11:37:22,684 DEBUG:S: [ao1] INIT_SIGNAL:outer_state
2019-07-26 11:37:22,684 DEBUG:S: [ao2] run some code, but don't transition
2019-07-26 11:37:22,684 DEBUG:S: [ao1] init
2019-07-26 11:37:22,685 DEBUG:S: [ao2] Hook:outer_state:HOOK
2019-07-26 11:37:22,685 DEBUG:S: [ao1] SEARCH_FOR_SUPER_SIGNAL:inner_state
2019-07-26 11:37:22,685 DEBUG:S: [ao2] <- Queued:(1) Deferred:(0)
2019-07-26 11:37:22,685 DEBUG:S: [ao1] ENTRY_SIGNAL:inner_state
2019-07-26 11:37:22,686 DEBUG:T: [ao2] e->Reset() inner_state->inner_state
2019-07-26 11:37:22,687 DEBUG:S: [ao1] hello from inner_state
2019-07-26 11:37:22,687 DEBUG:S: [ao2] Reset:inner_state
2019-07-26 11:37:22,687 DEBUG:S: [ao1] INIT_SIGNAL:inner_state
2019-07-26 11:37:22,687 DEBUG:S: [ao2] Reset:outer_state
2019-07-26 11:37:22,687 DEBUG:S: [ao1] <- Queued:(0) Deferred:(0)
2019-07-26 11:37:22,688 DEBUG:S: [ao2] resetting the chart
2019-07-26 11:37:22,688 DEBUG:S: [ao2] EXIT_SIGNAL:inner_state
2019-07-26 11:37:22,688 DEBUG:S: [ao2] exiting inner_state
2019-07-26 11:37:22,688 DEBUG:S: [ao2] SEARCH_FOR_SUPER_SIGNAL:inner_state
2019-07-26 11:37:22,688 DEBUG:S: [ao2] EXIT_SIGNAL:outer_state
2019-07-26 11:37:22,689 DEBUG:S: [ao2] exiting outer_state
2019-07-26 11:37:22,689 DEBUG:S: [ao2] ENTRY_SIGNAL:outer_state
2019-07-26 11:37:22,689 DEBUG:S: [ao2] hello from outer_state
2019-07-26 11:37:22,689 DEBUG:S: [ao2] INIT_SIGNAL:outer_state
2019-07-26 11:37:22,689 DEBUG:S: [ao2] init
2019-07-26 11:37:22,689 DEBUG:S: [ao2] SEARCH_FOR_SUPER_SIGNAL:inner_state
2019-07-26 11:37:22,689 DEBUG:S: [ao2] ENTRY_SIGNAL:inner_state
2019-07-26 11:37:22,690 DEBUG:S: [ao2] hello from inner_state
2019-07-26 11:37:22,690 DEBUG:S: [ao2] INIT_SIGNAL:inner_state
2019-07-26 11:37:22,690 DEBUG:S: [ao2] <- Queued:(0) Deferred:(0)
