2019-08-06 06:42:04,571 DEBUG:T: [f1] e->start_at() top->middle_state
2019-08-06 06:42:04,571 DEBUG:S: [f1] START
2019-08-06 06:42:04,571 DEBUG:S: [f1] SEARCH_FOR_SUPER_SIGNAL:outer_state
2019-08-06 06:42:04,571 DEBUG:S: [f1] ENTRY_SIGNAL:outer_state
2019-08-06 06:42:04,571 DEBUG:S: [f1] hello from outer_state
2019-08-06 06:42:04,572 DEBUG:S: [f1] INIT_SIGNAL:outer_state
2019-08-06 06:42:04,572 DEBUG:S: [f1] init
2019-08-06 06:42:04,572 DEBUG:S: [f1] SEARCH_FOR_SUPER_SIGNAL:middle_state
2019-08-06 06:42:04,572 DEBUG:S: [f1] ENTRY_SIGNAL:middle_state
2019-08-06 06:42:04,572 DEBUG:S: [f1] arming one-shot
2019-08-06 06:42:04,572 DEBUG:S: [f1] INIT_SIGNAL:middle_state
2019-08-06 06:42:04,572 DEBUG:S: [f1] <- Queued:(0) Deferred:(0)
2019-08-06 06:42:04,573 DEBUG:S: [f1] Hook:middle_state
2019-08-06 06:42:04,573 DEBUG:S: [f1] Hook:outer_state
2019-08-06 06:42:04,573 DEBUG:S: [f1] run some code, but don't transition
2019-08-06 06:42:04,574 DEBUG:S: [f1] Hook:outer_state:HOOK
2019-08-06 06:42:04,574 DEBUG:S: [f1] <- Queued:(0) Deferred:(0)
2019-08-06 06:42:04,576 DEBUG:T: [f2] e->start_at() top->inner_state
2019-08-06 06:42:04,576 DEBUG:S: [f2] START
2019-08-06 06:42:04,576 DEBUG:S: [f2] SEARCH_FOR_SUPER_SIGNAL:inner_state
2019-08-06 06:42:04,576 DEBUG:S: [f2] SEARCH_FOR_SUPER_SIGNAL:middle_state
2019-08-06 06:42:04,576 DEBUG:S: [f2] SEARCH_FOR_SUPER_SIGNAL:outer_state
2019-08-06 06:42:04,576 DEBUG:S: [f2] ENTRY_SIGNAL:outer_state
2019-08-06 06:42:04,577 DEBUG:S: [f2] hello from outer_state
2019-08-06 06:42:04,577 DEBUG:S: [f2] ENTRY_SIGNAL:middle_state
2019-08-06 06:42:04,577 DEBUG:S: [f2] arming one-shot
2019-08-06 06:42:04,577 DEBUG:S: [f2] ENTRY_SIGNAL:inner_state
2019-08-06 06:42:04,577 DEBUG:S: [f2] hello from new inner_state
2019-08-06 06:42:04,577 DEBUG:S: [f2] INIT_SIGNAL:inner_state
2019-08-06 06:42:04,577 DEBUG:S: [f2] <- Queued:(0) Deferred:(0)
2019-08-06 06:42:04,578 DEBUG:S: [f1] Send_Broadcast:middle_state
2019-08-06 06:42:04,579 DEBUG:S: [f2] Hook:inner_state
2019-08-06 06:42:04,579 DEBUG:S: [f1] Send_Broadcast:outer_state
2019-08-06 06:42:04,579 DEBUG:S: [f2] Hook:middle_state
2019-08-06 06:42:04,579 DEBUG:S: [f1] PUBLISH:(BROADCAST, PRIORITY:1000)
2019-08-06 06:42:04,579 DEBUG:S: [f2] Hook:outer_state
2019-08-06 06:42:04,580 DEBUG:S: [f1] Send_Broadcast:outer_state:HOOK
2019-08-06 06:42:04,580 DEBUG:S: [f2] run some code, but don't transition
2019-08-06 06:42:04,580 DEBUG:S: [f1] <- Queued:(0) Deferred:(0)
2019-08-06 06:42:04,580 DEBUG:S: [f2] Hook:outer_state:HOOK
2019-08-06 06:42:04,581 DEBUG:S: [f1] BROADCAST:middle_state
2019-08-06 06:42:04,581 DEBUG:S: [f2] <- Queued:(1) Deferred:(0)
2019-08-06 06:42:04,581 DEBUG:S: [f1] BROADCAST:outer_state
2019-08-06 06:42:04,584 DEBUG:T: [f2] e->Reset() inner_state->middle_state
2019-08-06 06:42:04,584 DEBUG:S: [f1] received broadcast
2019-08-06 06:42:04,584 DEBUG:S: [f2] Reset:inner_state
2019-08-06 06:42:04,584 DEBUG:S: [f1] BROADCAST:outer_state:HOOK
2019-08-06 06:42:04,584 DEBUG:S: [f2] Reset:middle_state
2019-08-06 06:42:04,584 DEBUG:S: [f1] <- Queued:(0) Deferred:(0)
2019-08-06 06:42:04,585 DEBUG:S: [f2] Reset:outer_state
2019-08-06 06:42:04,585 DEBUG:S: [f2] EXIT_SIGNAL:inner_state
2019-08-06 06:42:04,585 DEBUG:S: [f2] exiting new inner_state
2019-08-06 06:42:04,585 DEBUG:S: [f2] SEARCH_FOR_SUPER_SIGNAL:inner_state
2019-08-06 06:42:04,585 DEBUG:S: [f2] EXIT_SIGNAL:middle_state
2019-08-06 06:42:04,586 DEBUG:S: [f2] SEARCH_FOR_SUPER_SIGNAL:middle_state
2019-08-06 06:42:04,586 DEBUG:S: [f2] EXIT_SIGNAL:outer_state
2019-08-06 06:42:04,586 DEBUG:S: [f2] exiting the outer_state
2019-08-06 06:42:04,586 DEBUG:S: [f2] ENTRY_SIGNAL:outer_state
2019-08-06 06:42:04,586 DEBUG:S: [f2] hello from outer_state
2019-08-06 06:42:04,586 DEBUG:S: [f2] INIT_SIGNAL:outer_state
2019-08-06 06:42:04,586 DEBUG:S: [f2] init
2019-08-06 06:42:04,587 DEBUG:S: [f2] SEARCH_FOR_SUPER_SIGNAL:middle_state
2019-08-06 06:42:04,587 DEBUG:S: [f2] ENTRY_SIGNAL:middle_state
2019-08-06 06:42:04,587 DEBUG:S: [f2] arming one-shot
2019-08-06 06:42:04,587 DEBUG:S: [f2] INIT_SIGNAL:middle_state
2019-08-06 06:42:04,587 DEBUG:S: [f2] <- Queued:(1) Deferred:(0)
2019-08-06 06:42:04,588 DEBUG:S: [f2] BROADCAST:middle_state
2019-08-06 06:42:04,588 DEBUG:S: [f2] BROADCAST:outer_state
2019-08-06 06:42:04,588 DEBUG:S: [f2] received broadcast
2019-08-06 06:42:04,588 DEBUG:S: [f2] BROADCAST:outer_state:HOOK
2019-08-06 06:42:04,588 DEBUG:S: [f2] <- Queued:(0) Deferred:(0)
2019-08-06 06:42:05,572 DEBUG:T: [f1] e->Ready() middle_state->inner_state
2019-08-06 06:42:05,572 DEBUG:S: [f1] Ready:middle_state
2019-08-06 06:42:05,572 DEBUG:S: [f1] SEARCH_FOR_SUPER_SIGNAL:inner_state
2019-08-06 06:42:05,572 DEBUG:S: [f1] ENTRY_SIGNAL:inner_state
2019-08-06 06:42:05,572 DEBUG:S: [f1] hello from inner_state 1
2019-08-06 06:42:05,572 DEBUG:S: [f1] INIT_SIGNAL:inner_state
2019-08-06 06:42:05,573 DEBUG:S: [f1] <- Queued:(0) Deferred:(0)
2019-08-06 06:42:05,584 DEBUG:T: [f2] e->Ready() middle_state->inner_state
2019-08-06 06:42:05,585 DEBUG:S: [f2] Ready:middle_state
2019-08-06 06:42:05,585 DEBUG:S: [f2] SEARCH_FOR_SUPER_SIGNAL:inner_state
2019-08-06 06:42:05,585 DEBUG:S: [f2] ENTRY_SIGNAL:inner_state
2019-08-06 06:42:05,585 DEBUG:S: [f2] hello from new inner_state
2019-08-06 06:42:05,585 DEBUG:S: [f2] INIT_SIGNAL:inner_state
2019-08-06 06:42:05,585 DEBUG:S: [f2] <- Queued:(0) Deferred:(0)
2019-08-06 06:42:06,575 DEBUG:T: [f1] e->Reset() inner_state->middle_state
2019-08-06 06:42:06,575 DEBUG:S: [f1] Reset:inner_state
2019-08-06 06:42:06,576 DEBUG:S: [f1] Reset:middle_state
2019-08-06 06:42:06,576 DEBUG:S: [f1] Reset:outer_state
2019-08-06 06:42:06,576 DEBUG:S: [f1] EXIT_SIGNAL:inner_state
2019-08-06 06:42:06,576 DEBUG:S: [f1] exiting inner_state
2019-08-06 06:42:06,576 DEBUG:S: [f1] SEARCH_FOR_SUPER_SIGNAL:inner_state
2019-08-06 06:42:06,576 DEBUG:S: [f1] EXIT_SIGNAL:middle_state
2019-08-06 06:42:06,576 DEBUG:S: [f1] SEARCH_FOR_SUPER_SIGNAL:middle_state
2019-08-06 06:42:06,577 DEBUG:S: [f1] EXIT_SIGNAL:outer_state
2019-08-06 06:42:06,577 DEBUG:S: [f1] exiting the outer_state
2019-08-06 06:42:06,577 DEBUG:S: [f1] ENTRY_SIGNAL:outer_state
2019-08-06 06:42:06,577 DEBUG:S: [f1] hello from outer_state
2019-08-06 06:42:06,577 DEBUG:S: [f1] INIT_SIGNAL:outer_state
2019-08-06 06:42:06,577 DEBUG:S: [f1] init
2019-08-06 06:42:06,577 DEBUG:S: [f1] SEARCH_FOR_SUPER_SIGNAL:middle_state
2019-08-06 06:42:06,578 DEBUG:S: [f1] ENTRY_SIGNAL:middle_state
2019-08-06 06:42:06,578 DEBUG:S: [f1] arming one-shot
2019-08-06 06:42:06,578 DEBUG:S: [f1] INIT_SIGNAL:middle_state
2019-08-06 06:42:06,578 DEBUG:S: [f1] <- Queued:(0) Deferred:(0)
2019-08-06 06:42:07,576 DEBUG:T: [f1] e->Ready() middle_state->inner_state
2019-08-06 06:42:07,576 DEBUG:S: [f1] Ready:middle_state
2019-08-06 06:42:07,576 DEBUG:S: [f1] SEARCH_FOR_SUPER_SIGNAL:inner_state
2019-08-06 06:42:07,577 DEBUG:S: [f1] ENTRY_SIGNAL:inner_state
2019-08-06 06:42:07,577 DEBUG:S: [f1] hello from inner_state 2
2019-08-06 06:42:07,577 DEBUG:S: [f1] INIT_SIGNAL:inner_state
2019-08-06 06:42:07,577 DEBUG:S: [f1] <- Queued:(0) Deferred:(0)
