2019-08-03 10:51:26,414 DEBUG:T: [f1] e->start_at() top->inner_state
2019-08-03 10:51:26,414 DEBUG:S: [f1] START
2019-08-03 10:51:26,414 DEBUG:S: [f1] SEARCH_FOR_SUPER_SIGNAL:outer_state
2019-08-03 10:51:26,414 DEBUG:S: [f1] ENTRY_SIGNAL:outer_state
2019-08-03 10:51:26,414 DEBUG:S: [f1] hello from outer_state
2019-08-03 10:51:26,414 DEBUG:S: [f1] INIT_SIGNAL:outer_state
2019-08-03 10:51:26,415 DEBUG:S: [f1] init
2019-08-03 10:51:26,415 DEBUG:S: [f1] SEARCH_FOR_SUPER_SIGNAL:inner_state
2019-08-03 10:51:26,415 DEBUG:S: [f1] ENTRY_SIGNAL:inner_state
2019-08-03 10:51:26,415 DEBUG:S: [f1] hello from inner_state
2019-08-03 10:51:26,415 DEBUG:S: [f1] INIT_SIGNAL:inner_state
2019-08-03 10:51:26,415 DEBUG:S: [f1] <- Queued:(0) Deferred:(0)
2019-08-03 10:51:26,416 DEBUG:S: [f1] Hook:inner_state
2019-08-03 10:51:26,417 DEBUG:T: [f2] e->start_at() top->inner_state
2019-08-03 10:51:26,417 DEBUG:S: [f1] Hook:outer_state
2019-08-03 10:51:26,417 DEBUG:S: [f2] START
2019-08-03 10:51:26,418 DEBUG:S: [f1] run some code, but don't transition
2019-08-03 10:51:26,418 DEBUG:S: [f2] SEARCH_FOR_SUPER_SIGNAL:inner_state
2019-08-03 10:51:26,418 DEBUG:S: [f1] Hook:outer_state:HOOK
2019-08-03 10:51:26,418 DEBUG:S: [f2] SEARCH_FOR_SUPER_SIGNAL:outer_state
2019-08-03 10:51:26,418 DEBUG:S: [f1] <- Queued:(1) Deferred:(0)
2019-08-03 10:51:26,419 DEBUG:S: [f2] ENTRY_SIGNAL:outer_state
2019-08-03 10:51:26,420 DEBUG:T: [f1] e->Reset() inner_state->inner_state
2019-08-03 10:51:26,420 DEBUG:S: [f2] hello from outer_state
2019-08-03 10:51:26,421 DEBUG:S: [f1] Reset:inner_state
2019-08-03 10:51:26,421 DEBUG:S: [f2] ENTRY_SIGNAL:inner_state
2019-08-03 10:51:26,421 DEBUG:S: [f1] Reset:outer_state
2019-08-03 10:51:26,421 DEBUG:S: [f2] hello from inner_state
2019-08-03 10:51:26,421 DEBUG:S: [f1] EXIT_SIGNAL:inner_state
2019-08-03 10:51:26,421 DEBUG:S: [f2] INIT_SIGNAL:inner_state
2019-08-03 10:51:26,422 DEBUG:S: [f1] exiting inner_state
2019-08-03 10:51:26,422 DEBUG:S: [f2] <- Queued:(0) Deferred:(0)
2019-08-03 10:51:26,422 DEBUG:S: [f1] SEARCH_FOR_SUPER_SIGNAL:inner_state
2019-08-03 10:51:26,423 DEBUG:S: [f1] EXIT_SIGNAL:outer_state
2019-08-03 10:51:26,423 DEBUG:S: [f1] exiting the outer_state
2019-08-03 10:51:26,423 DEBUG:S: [f2] Hook:inner_state
2019-08-03 10:51:26,423 DEBUG:S: [f1] ENTRY_SIGNAL:outer_state
2019-08-03 10:51:26,423 DEBUG:S: [f2] Hook:outer_state
2019-08-03 10:51:26,424 DEBUG:S: [f1] hello from outer_state
2019-08-03 10:51:26,424 DEBUG:S: [f2] run some code, but don't transition
2019-08-03 10:51:26,424 DEBUG:S: [f1] INIT_SIGNAL:outer_state
2019-08-03 10:51:26,424 DEBUG:S: [f2] Hook:outer_state:HOOK
2019-08-03 10:51:26,424 DEBUG:S: [f1] init
2019-08-03 10:51:26,425 DEBUG:S: [f2] <- Queued:(1) Deferred:(0)
2019-08-03 10:51:26,425 DEBUG:S: [f1] SEARCH_FOR_SUPER_SIGNAL:inner_state
2019-08-03 10:51:26,426 DEBUG:T: [f2] e->Reset() inner_state->inner_state
2019-08-03 10:51:26,427 DEBUG:S: [f1] ENTRY_SIGNAL:inner_state
2019-08-03 10:51:26,427 DEBUG:S: [f2] Reset:inner_state
2019-08-03 10:51:26,427 DEBUG:S: [f1] hello from inner_state
2019-08-03 10:51:26,427 DEBUG:S: [f2] Reset:outer_state
2019-08-03 10:51:26,427 DEBUG:S: [f1] INIT_SIGNAL:inner_state
2019-08-03 10:51:26,428 DEBUG:S: [f2] EXIT_SIGNAL:inner_state
2019-08-03 10:51:26,428 DEBUG:S: [f1] <- Queued:(0) Deferred:(0)
2019-08-03 10:51:26,428 DEBUG:S: [f2] exiting inner_state
2019-08-03 10:51:26,429 DEBUG:S: [f1] Send_Broadcast:inner_state
2019-08-03 10:51:26,429 DEBUG:S: [f2] SEARCH_FOR_SUPER_SIGNAL:inner_state
2019-08-03 10:51:26,429 DEBUG:S: [f1] Send_Broadcast:outer_state
2019-08-03 10:51:26,429 DEBUG:S: [f2] EXIT_SIGNAL:outer_state
2019-08-03 10:51:26,429 DEBUG:S: [f1] PUBLISH:(BROADCAST, PRIORITY:1000)
2019-08-03 10:51:26,430 DEBUG:S: [f2] exiting the outer_state
2019-08-03 10:51:26,430 DEBUG:S: [f1] Send_Broadcast:outer_state:HOOK
2019-08-03 10:51:26,430 DEBUG:S: [f2] ENTRY_SIGNAL:outer_state
2019-08-03 10:51:26,430 DEBUG:S: [f1] <- Queued:(0) Deferred:(0)
2019-08-03 10:51:26,430 DEBUG:S: [f2] hello from outer_state
2019-08-03 10:51:26,431 DEBUG:S: [f1] BROADCAST:inner_state
2019-08-03 10:51:26,431 DEBUG:S: [f2] INIT_SIGNAL:outer_state
2019-08-03 10:51:26,431 DEBUG:S: [f1] BROADCAST:outer_state
2019-08-03 10:51:26,432 DEBUG:S: [f2] init
2019-08-03 10:51:26,432 DEBUG:S: [f1] received broadcast
2019-08-03 10:51:26,432 DEBUG:S: [f2] SEARCH_FOR_SUPER_SIGNAL:inner_state
2019-08-03 10:51:26,432 DEBUG:S: [f1] BROADCAST:outer_state:HOOK
2019-08-03 10:51:26,432 DEBUG:S: [f2] ENTRY_SIGNAL:inner_state
2019-08-03 10:51:26,432 DEBUG:S: [f1] <- Queued:(0) Deferred:(0)
2019-08-03 10:51:26,433 DEBUG:S: [f2] hello from inner_state
2019-08-03 10:51:26,433 DEBUG:S: [f2] INIT_SIGNAL:inner_state
2019-08-03 10:51:26,433 DEBUG:S: [f2] <- Queued:(0) Deferred:(0)
2019-08-03 10:51:26,434 DEBUG:S: [f2] BROADCAST:inner_state
2019-08-03 10:51:26,434 DEBUG:S: [f2] BROADCAST:outer_state
2019-08-03 10:51:26,434 DEBUG:S: [f2] received broadcast
2019-08-03 10:51:26,434 DEBUG:S: [f2] BROADCAST:outer_state:HOOK
2019-08-03 10:51:26,434 DEBUG:S: [f2] <- Queued:(0) Deferred:(0)
