2019-08-05 14:46:11,101 DEBUG:T: [f1] e->start_at() top->middle_state
2019-08-05 14:46:11,101 DEBUG:S: [f1] START
2019-08-05 14:46:11,101 DEBUG:S: [f1] SEARCH_FOR_SUPER_SIGNAL:outer_state
2019-08-05 14:46:11,101 DEBUG:S: [f1] ENTRY_SIGNAL:outer_state
2019-08-05 14:46:11,101 DEBUG:S: [f1] hello from outer_state
2019-08-05 14:46:11,101 DEBUG:S: [f1] INIT_SIGNAL:outer_state
2019-08-05 14:46:11,102 DEBUG:S: [f1] init
2019-08-05 14:46:11,102 DEBUG:S: [f1] SEARCH_FOR_SUPER_SIGNAL:middle_state
2019-08-05 14:46:11,102 DEBUG:S: [f1] ENTRY_SIGNAL:middle_state
2019-08-05 14:46:11,102 DEBUG:S: [f1] arming one-shot
2019-08-05 14:46:11,102 DEBUG:S: [f1] INIT_SIGNAL:middle_state
2019-08-05 14:46:11,102 DEBUG:S: [f1] <- Queued:(0) Deferred:(0)
2019-08-05 14:46:11,103 DEBUG:S: [f1] Hook:middle_state
2019-08-05 14:46:11,104 DEBUG:S: [f1] Hook:outer_state
2019-08-05 14:46:11,104 DEBUG:S: [f1] run some code, but don't transition
2019-08-05 14:46:11,105 DEBUG:S: [f1] Hook:outer_state:HOOK
2019-08-05 14:46:11,106 DEBUG:T: [f2] e->start_at() top->inner_state
2019-08-05 14:46:11,106 DEBUG:S: [f1] <- Queued:(0) Deferred:(0)
2019-08-05 14:46:11,106 DEBUG:S: [f2] START
2019-08-05 14:46:11,106 DEBUG:S: [f2] SEARCH_FOR_SUPER_SIGNAL:inner_state
2019-08-05 14:46:11,106 DEBUG:S: [f2] SEARCH_FOR_SUPER_SIGNAL:middle_state
2019-08-05 14:46:11,107 DEBUG:S: [f2] SEARCH_FOR_SUPER_SIGNAL:outer_state
2019-08-05 14:46:11,107 DEBUG:S: [f2] ENTRY_SIGNAL:outer_state
2019-08-05 14:46:11,107 DEBUG:S: [f2] hello from outer_state
2019-08-05 14:46:11,107 DEBUG:S: [f2] ENTRY_SIGNAL:middle_state
2019-08-05 14:46:11,107 DEBUG:S: [f2] arming one-shot
2019-08-05 14:46:11,107 DEBUG:S: [f2] ENTRY_SIGNAL:inner_state
2019-08-05 14:46:11,107 DEBUG:S: [f2] hello from new inner_state
2019-08-05 14:46:11,108 DEBUG:S: [f2] INIT_SIGNAL:inner_state
2019-08-05 14:46:11,108 DEBUG:S: [f2] <- Queued:(0) Deferred:(0)
2019-08-05 14:46:11,108 DEBUG:S: [f1] Send_Broadcast:middle_state
2019-08-05 14:46:11,108 DEBUG:S: [f1] Send_Broadcast:outer_state
2019-08-05 14:46:11,109 DEBUG:S: [f1] PUBLISH:(BROADCAST, PRIORITY:1000)
2019-08-05 14:46:11,109 DEBUG:S: [f1] Send_Broadcast:outer_state:HOOK
2019-08-05 14:46:11,109 DEBUG:S: [f1] <- Queued:(0) Deferred:(0)
2019-08-05 14:46:11,109 DEBUG:S: [f1] BROADCAST:middle_state
2019-08-05 14:46:11,110 DEBUG:S: [f1] BROADCAST:outer_state
2019-08-05 14:46:11,110 DEBUG:S: [f1] received broadcast
2019-08-05 14:46:11,110 DEBUG:S: [f1] BROADCAST:outer_state:HOOK
2019-08-05 14:46:11,110 DEBUG:S: [f1] <- Queued:(0) Deferred:(0)
2019-08-05 14:46:11,111 DEBUG:S: [f2] Hook:inner_state
2019-08-05 14:46:11,111 DEBUG:S: [f2] Hook:middle_state
2019-08-05 14:46:11,111 DEBUG:S: [f2] Hook:outer_state
2019-08-05 14:46:11,111 DEBUG:S: [f2] run some code, but don't transition
2019-08-05 14:46:11,111 DEBUG:S: [f2] Hook:outer_state:HOOK
2019-08-05 14:46:11,111 DEBUG:S: [f2] <- Queued:(2) Deferred:(0)
2019-08-05 14:46:11,114 DEBUG:T: [f2] e->Reset() inner_state->middle_state
2019-08-05 14:46:11,114 DEBUG:S: [f2] Reset:inner_state
2019-08-05 14:46:11,114 DEBUG:S: [f2] Reset:middle_state
2019-08-05 14:46:11,114 DEBUG:S: [f2] Reset:outer_state
2019-08-05 14:46:11,114 DEBUG:S: [f2] EXIT_SIGNAL:inner_state
2019-08-05 14:46:11,114 DEBUG:S: [f2] exiting new inner_state
2019-08-05 14:46:11,114 DEBUG:S: [f2] SEARCH_FOR_SUPER_SIGNAL:inner_state
2019-08-05 14:46:11,115 DEBUG:S: [f2] EXIT_SIGNAL:middle_state
2019-08-05 14:46:11,115 DEBUG:S: [f2] SEARCH_FOR_SUPER_SIGNAL:middle_state
2019-08-05 14:46:11,115 DEBUG:S: [f2] EXIT_SIGNAL:outer_state
2019-08-05 14:46:11,115 DEBUG:S: [f2] exiting the outer_state
2019-08-05 14:46:11,115 DEBUG:S: [f2] ENTRY_SIGNAL:outer_state
2019-08-05 14:46:11,115 DEBUG:S: [f2] hello from outer_state
2019-08-05 14:46:11,115 DEBUG:S: [f2] INIT_SIGNAL:outer_state
2019-08-05 14:46:11,116 DEBUG:S: [f2] init
2019-08-05 14:46:11,116 DEBUG:S: [f2] SEARCH_FOR_SUPER_SIGNAL:middle_state
2019-08-05 14:46:11,116 DEBUG:S: [f2] ENTRY_SIGNAL:middle_state
2019-08-05 14:46:11,116 DEBUG:S: [f2] arming one-shot
2019-08-05 14:46:11,116 DEBUG:S: [f2] INIT_SIGNAL:middle_state
2019-08-05 14:46:11,116 DEBUG:S: [f2] <- Queued:(1) Deferred:(0)
2019-08-05 14:46:11,117 DEBUG:S: [f2] BROADCAST:middle_state
2019-08-05 14:46:11,117 DEBUG:S: [f2] BROADCAST:outer_state
2019-08-05 14:46:11,117 DEBUG:S: [f2] received broadcast
2019-08-05 14:46:11,117 DEBUG:S: [f2] BROADCAST:outer_state:HOOK
2019-08-05 14:46:11,117 DEBUG:S: [f2] <- Queued:(0) Deferred:(0)
2019-08-05 14:46:12,101 DEBUG:T: [f1] e->Ready() middle_state->inner_state
2019-08-05 14:46:12,102 DEBUG:S: [f1] Ready:middle_state
2019-08-05 14:46:12,102 DEBUG:S: [f1] SEARCH_FOR_SUPER_SIGNAL:inner_state
2019-08-05 14:46:12,102 DEBUG:S: [f1] ENTRY_SIGNAL:inner_state
2019-08-05 14:46:12,102 DEBUG:S: [f1] hello from inner_state 1
2019-08-05 14:46:12,102 DEBUG:S: [f1] INIT_SIGNAL:inner_state
2019-08-05 14:46:12,102 DEBUG:S: [f1] <- Queued:(0) Deferred:(0)
2019-08-05 14:46:12,114 DEBUG:T: [f2] e->Ready() middle_state->inner_state
2019-08-05 14:46:12,114 DEBUG:S: [f2] Ready:middle_state
2019-08-05 14:46:12,115 DEBUG:S: [f2] SEARCH_FOR_SUPER_SIGNAL:inner_state
2019-08-05 14:46:12,115 DEBUG:S: [f2] ENTRY_SIGNAL:inner_state
2019-08-05 14:46:12,115 DEBUG:S: [f2] hello from new inner_state
2019-08-05 14:46:12,115 DEBUG:S: [f2] INIT_SIGNAL:inner_state
2019-08-05 14:46:12,115 DEBUG:S: [f2] <- Queued:(0) Deferred:(0)
2019-08-05 14:46:13,105 DEBUG:T: [f1] e->Reset() inner_state->middle_state
2019-08-05 14:46:13,106 DEBUG:S: [f1] Reset:inner_state
2019-08-05 14:46:13,106 DEBUG:S: [f1] Reset:middle_state
2019-08-05 14:46:13,106 DEBUG:S: [f1] Reset:outer_state
2019-08-05 14:46:13,106 DEBUG:S: [f1] EXIT_SIGNAL:inner_state
2019-08-05 14:46:13,106 DEBUG:S: [f1] exiting inner_state
2019-08-05 14:46:13,106 DEBUG:S: [f1] SEARCH_FOR_SUPER_SIGNAL:inner_state
2019-08-05 14:46:13,106 DEBUG:S: [f1] EXIT_SIGNAL:middle_state
2019-08-05 14:46:13,107 DEBUG:S: [f1] SEARCH_FOR_SUPER_SIGNAL:middle_state
2019-08-05 14:46:13,107 DEBUG:S: [f1] EXIT_SIGNAL:outer_state
2019-08-05 14:46:13,107 DEBUG:S: [f1] exiting the outer_state
2019-08-05 14:46:13,107 DEBUG:S: [f1] ENTRY_SIGNAL:outer_state
2019-08-05 14:46:13,107 DEBUG:S: [f1] hello from outer_state
2019-08-05 14:46:13,107 DEBUG:S: [f1] INIT_SIGNAL:outer_state
2019-08-05 14:46:13,107 DEBUG:S: [f1] init
2019-08-05 14:46:13,108 DEBUG:S: [f1] SEARCH_FOR_SUPER_SIGNAL:middle_state
2019-08-05 14:46:13,108 DEBUG:S: [f1] ENTRY_SIGNAL:middle_state
2019-08-05 14:46:13,108 DEBUG:S: [f1] arming one-shot
2019-08-05 14:46:13,108 DEBUG:S: [f1] INIT_SIGNAL:middle_state
2019-08-05 14:46:13,108 DEBUG:S: [f1] <- Queued:(0) Deferred:(0)
2019-08-05 14:46:14,107 DEBUG:T: [f1] e->Ready() middle_state->inner_state
2019-08-05 14:46:14,107 DEBUG:S: [f1] Ready:middle_state
2019-08-05 14:46:14,107 DEBUG:S: [f1] SEARCH_FOR_SUPER_SIGNAL:inner_state
2019-08-05 14:46:14,107 DEBUG:S: [f1] ENTRY_SIGNAL:inner_state
2019-08-05 14:46:14,107 DEBUG:S: [f1] hello from inner_state 2
2019-08-05 14:46:14,108 DEBUG:S: [f1] INIT_SIGNAL:inner_state
2019-08-05 14:46:14,108 DEBUG:S: [f1] <- Queued:(0) Deferred:(0)
