2019-08-03 15:18:14,603 DEBUG:T: [f1] e->start_at() top->inner_state
2019-08-03 15:18:14,603 DEBUG:S: [f1] START
2019-08-03 15:18:14,603 DEBUG:S: [f1] SEARCH_FOR_SUPER_SIGNAL:outer_state
2019-08-03 15:18:14,604 DEBUG:S: [f1] ENTRY_SIGNAL:outer_state
2019-08-03 15:18:14,604 DEBUG:S: [f1] hello from outer_state
2019-08-03 15:18:14,604 DEBUG:S: [f1] INIT_SIGNAL:outer_state
2019-08-03 15:18:14,604 DEBUG:S: [f1] init
2019-08-03 15:18:14,604 DEBUG:S: [f1] SEARCH_FOR_SUPER_SIGNAL:inner_state
2019-08-03 15:18:14,604 DEBUG:S: [f1] ENTRY_SIGNAL:inner_state
2019-08-03 15:18:14,604 DEBUG:S: [f1] hello from inner_state
2019-08-03 15:18:14,605 DEBUG:S: [f1] INIT_SIGNAL:inner_state
2019-08-03 15:18:14,605 DEBUG:S: [f1] <- Queued:(0) Deferred:(0)
2019-08-03 15:18:14,606 DEBUG:T: [f2] e->start_at() top->inner_state
2019-08-03 15:18:14,606 DEBUG:S: [f2] START
2019-08-03 15:18:14,606 DEBUG:S: [f2] SEARCH_FOR_SUPER_SIGNAL:inner_state
2019-08-03 15:18:14,606 DEBUG:S: [f2] SEARCH_FOR_SUPER_SIGNAL:outer_state
2019-08-03 15:18:14,607 DEBUG:S: [f2] ENTRY_SIGNAL:outer_state
2019-08-03 15:18:14,607 DEBUG:S: [f2] hello from outer_state
2019-08-03 15:18:14,607 DEBUG:S: [f2] ENTRY_SIGNAL:inner_state
2019-08-03 15:18:14,607 DEBUG:S: [f2] hello from new inner_state
2019-08-03 15:18:14,607 DEBUG:S: [f2] INIT_SIGNAL:inner_state
2019-08-03 15:18:14,607 DEBUG:S: [f2] <- Queued:(0) Deferred:(0)
2019-08-03 15:18:14,608 DEBUG:S: [f1] Hook:inner_state
2019-08-03 15:18:14,608 DEBUG:S: [f1] Hook:outer_state
2019-08-03 15:18:14,608 DEBUG:S: [f1] run some code, but don't transition
2019-08-03 15:18:14,608 DEBUG:S: [f1] Hook:outer_state:HOOK
2019-08-03 15:18:14,608 DEBUG:S: [f1] <- Queued:(2) Deferred:(0)
2019-08-03 15:18:14,610 DEBUG:T: [f1] e->Reset() inner_state->inner_state
2019-08-03 15:18:14,610 DEBUG:S: [f1] Reset:inner_state
2019-08-03 15:18:14,610 DEBUG:S: [f1] Reset:outer_state
2019-08-03 15:18:14,610 DEBUG:S: [f1] EXIT_SIGNAL:inner_state
2019-08-03 15:18:14,611 DEBUG:S: [f1] exiting inner_state
2019-08-03 15:18:14,611 DEBUG:S: [f1] SEARCH_FOR_SUPER_SIGNAL:inner_state
2019-08-03 15:18:14,611 DEBUG:S: [f1] EXIT_SIGNAL:outer_state
2019-08-03 15:18:14,611 DEBUG:S: [f1] exiting the outer_state
2019-08-03 15:18:14,611 DEBUG:S: [f1] ENTRY_SIGNAL:outer_state
2019-08-03 15:18:14,611 DEBUG:S: [f1] hello from outer_state
2019-08-03 15:18:14,611 DEBUG:S: [f1] INIT_SIGNAL:outer_state
2019-08-03 15:18:14,612 DEBUG:S: [f1] init
2019-08-03 15:18:14,612 DEBUG:S: [f1] SEARCH_FOR_SUPER_SIGNAL:inner_state
2019-08-03 15:18:14,612 DEBUG:S: [f1] ENTRY_SIGNAL:inner_state
2019-08-03 15:18:14,612 DEBUG:S: [f2] Hook:inner_state
2019-08-03 15:18:14,612 DEBUG:S: [f1] hello from inner_state
2019-08-03 15:18:14,613 DEBUG:S: [f2] Hook:outer_state
2019-08-03 15:18:14,613 DEBUG:S: [f1] INIT_SIGNAL:inner_state
2019-08-03 15:18:14,613 DEBUG:S: [f2] run some code, but don't transition
2019-08-03 15:18:14,613 DEBUG:S: [f1] <- Queued:(1) Deferred:(0)
2019-08-03 15:18:14,613 DEBUG:S: [f2] Hook:outer_state:HOOK
2019-08-03 15:18:14,614 DEBUG:S: [f1] Send_Broadcast:inner_state
2019-08-03 15:18:14,614 DEBUG:S: [f2] <- Queued:(1) Deferred:(0)
2019-08-03 15:18:14,614 DEBUG:S: [f1] Send_Broadcast:outer_state
2019-08-03 15:18:14,616 DEBUG:T: [f2] e->Reset() inner_state->inner_state
2019-08-03 15:18:14,616 DEBUG:S: [f1] PUBLISH:(BROADCAST, PRIORITY:1000)
2019-08-03 15:18:14,616 DEBUG:S: [f2] Reset:inner_state
2019-08-03 15:18:14,616 DEBUG:S: [f1] Send_Broadcast:outer_state:HOOK
2019-08-03 15:18:14,617 DEBUG:S: [f2] Reset:outer_state
2019-08-03 15:18:14,617 DEBUG:S: [f1] <- Queued:(0) Deferred:(0)
2019-08-03 15:18:14,617 DEBUG:S: [f2] EXIT_SIGNAL:inner_state
2019-08-03 15:18:14,617 DEBUG:S: [f1] BROADCAST:inner_state
2019-08-03 15:18:14,618 DEBUG:S: [f2] exiting new inner_state
2019-08-03 15:18:14,618 DEBUG:S: [f1] BROADCAST:outer_state
2019-08-03 15:18:14,618 DEBUG:S: [f2] SEARCH_FOR_SUPER_SIGNAL:inner_state
2019-08-03 15:18:14,618 DEBUG:S: [f1] received broadcast
2019-08-03 15:18:14,618 DEBUG:S: [f2] EXIT_SIGNAL:outer_state
2019-08-03 15:18:14,618 DEBUG:S: [f1] BROADCAST:outer_state:HOOK
2019-08-03 15:18:14,619 DEBUG:S: [f2] exiting the outer_state
2019-08-03 15:18:14,619 DEBUG:S: [f1] <- Queued:(0) Deferred:(0)
2019-08-03 15:18:14,619 DEBUG:S: [f2] ENTRY_SIGNAL:outer_state
2019-08-03 15:18:14,619 DEBUG:S: [f2] hello from outer_state
2019-08-03 15:18:14,620 DEBUG:S: [f2] INIT_SIGNAL:outer_state
2019-08-03 15:18:14,620 DEBUG:S: [f2] init
2019-08-03 15:18:14,620 DEBUG:S: [f2] SEARCH_FOR_SUPER_SIGNAL:inner_state
2019-08-03 15:18:14,620 DEBUG:S: [f2] ENTRY_SIGNAL:inner_state
2019-08-03 15:18:14,620 DEBUG:S: [f2] hello from new inner_state
2019-08-03 15:18:14,620 DEBUG:S: [f2] INIT_SIGNAL:inner_state
2019-08-03 15:18:14,620 DEBUG:S: [f2] <- Queued:(1) Deferred:(0)
2019-08-03 15:18:14,621 DEBUG:S: [f2] BROADCAST:inner_state
2019-08-03 15:18:14,621 DEBUG:S: [f2] BROADCAST:outer_state
2019-08-03 15:18:14,621 DEBUG:S: [f2] received broadcast
2019-08-03 15:18:14,621 DEBUG:S: [f2] BROADCAST:outer_state:HOOK
2019-08-03 15:18:14,621 DEBUG:S: [f2] <- Queued:(0) Deferred:(0)
