2019-09-29 15:49:17,243 DEBUG:T: [charger] e->start_at() top->constant_current_control
2019-09-29 15:49:17,244 DEBUG:S: [charger] START
2019-09-29 15:49:17,244 DEBUG:S: [charger] SEARCH_FOR_SUPER_SIGNAL:charging
2019-09-29 15:49:17,244 DEBUG:S: [charger] ENTRY_SIGNAL:charging
2019-09-29 15:49:17,244 DEBUG:S: [charger] INIT_SIGNAL:charging
2019-09-29 15:49:17,244 DEBUG:S: [charger] SEARCH_FOR_SUPER_SIGNAL:constant_current_control
2019-09-29 15:49:17,244 DEBUG:S: [charger] ENTRY_SIGNAL:constant_current_control
2019-09-29 15:49:17,245 DEBUG:S: [charger] INIT_SIGNAL:constant_current_control
2019-09-29 15:49:17,245 DEBUG:S: [charger] <- Queued:(0) Deferred:(0)
2019-09-29 15:49:17,744 DEBUG:S: [charger] Pulse:constant_current_control
2019-09-29 15:49:17,744 DEBUG:S: [charger] Pulse:charging
2019-09-29 15:49:17,745 DEBUG:S: [charger] POST_FIFO:To_Bulk
2019-09-29 15:49:17,745 DEBUG:S: [charger] POST_FIFO:Tick
2019-09-29 15:49:17,745 DEBUG:S: [charger] Pulse:charging:HOOK
2019-09-29 15:49:17,745 DEBUG:S: [charger] <- Queued:(2) Deferred:(0)
2019-09-29 15:49:17,747 DEBUG:T: [charger] e->To_Bulk() constant_current_control->bulk
2019-09-29 15:49:17,747 DEBUG:S: [charger] To_Bulk:constant_current_control
2019-09-29 15:49:17,747 DEBUG:S: [charger] To_Bulk:charging
2019-09-29 15:49:17,747 DEBUG:S: [charger] EXIT_SIGNAL:constant_current_control
2019-09-29 15:49:17,748 DEBUG:S: [charger] SEARCH_FOR_SUPER_SIGNAL:bulk
2019-09-29 15:49:17,748 DEBUG:S: [charger] SEARCH_FOR_SUPER_SIGNAL:charging
2019-09-29 15:49:17,748 DEBUG:S: [charger] SEARCH_FOR_SUPER_SIGNAL:constant_current_control
2019-09-29 15:49:17,748 DEBUG:S: [charger] ENTRY_SIGNAL:constant_current_control
2019-09-29 15:49:17,748 DEBUG:S: [charger] ENTRY_SIGNAL:bulk
2019-09-29 15:49:17,748 DEBUG:S: [charger] INIT_SIGNAL:bulk
2019-09-29 15:49:17,748 DEBUG:S: [charger] <- Queued:(1) Deferred:(0)
2019-09-29 15:49:17,749 DEBUG:S: [charger] Tick:bulk
2019-09-29 15:49:17,749 DEBUG:S: [charger] Tick:bulk:HOOK
2019-09-29 15:49:17,749 DEBUG:S: [charger] <- Queued:(0) Deferred:(0)
2019-09-29 15:49:18,245 DEBUG:S: [charger] Pulse:bulk
2019-09-29 15:49:18,245 DEBUG:S: [charger] Pulse:constant_current_control
2019-09-29 15:49:18,245 DEBUG:S: [charger] Pulse:charging
2019-09-29 15:49:18,245 DEBUG:S: [charger] POST_FIFO:To_Bulk
2019-09-29 15:49:18,245 DEBUG:S: [charger] POST_FIFO:Tick
2019-09-29 15:49:18,245 DEBUG:S: [charger] Pulse:charging:HOOK
2019-09-29 15:49:18,246 DEBUG:S: [charger] <- Queued:(2) Deferred:(0)
2019-09-29 15:49:18,246 DEBUG:S: [charger] To_Bulk:bulk
2019-09-29 15:49:18,246 DEBUG:S: [charger] To_Bulk:bulk:HOOK
2019-09-29 15:49:18,246 DEBUG:S: [charger] <- Queued:(1) Deferred:(0)
2019-09-29 15:49:18,247 DEBUG:S: [charger] Tick:bulk
2019-09-29 15:49:18,247 DEBUG:S: [charger] Tick:bulk:HOOK
2019-09-29 15:49:18,247 DEBUG:S: [charger] <- Queued:(0) Deferred:(0)
2019-09-29 15:49:18,745 DEBUG:S: [charger] Pulse:bulk
2019-09-29 15:49:18,745 DEBUG:S: [charger] Pulse:constant_current_control
2019-09-29 15:49:18,745 DEBUG:S: [charger] Pulse:charging
2019-09-29 15:49:18,746 DEBUG:S: [charger] POST_FIFO:To_Bulk
2019-09-29 15:49:18,746 DEBUG:S: [charger] POST_FIFO:Tick
2019-09-29 15:49:18,746 DEBUG:S: [charger] Pulse:charging:HOOK
2019-09-29 15:49:18,746 DEBUG:S: [charger] <- Queued:(2) Deferred:(0)
2019-09-29 15:49:18,746 DEBUG:S: [charger] To_Bulk:bulk
2019-09-29 15:49:18,746 DEBUG:S: [charger] To_Bulk:bulk:HOOK
2019-09-29 15:49:18,747 DEBUG:S: [charger] <- Queued:(1) Deferred:(0)
2019-09-29 15:49:18,747 DEBUG:S: [charger] Tick:bulk
2019-09-29 15:49:18,748 DEBUG:S: [charger] Tick:bulk:HOOK
2019-09-29 15:49:18,748 DEBUG:S: [charger] <- Queued:(0) Deferred:(0)
2019-09-29 15:49:19,246 DEBUG:S: [charger] Pulse:bulk
2019-09-29 15:49:19,246 DEBUG:S: [charger] Pulse:constant_current_control
2019-09-29 15:49:19,246 DEBUG:S: [charger] Pulse:charging
2019-09-29 15:49:19,246 DEBUG:S: [charger] POST_FIFO:To_Bulk
2019-09-29 15:49:19,246 DEBUG:S: [charger] POST_FIFO:Tick
2019-09-29 15:49:19,247 DEBUG:S: [charger] Pulse:charging:HOOK
2019-09-29 15:49:19,247 DEBUG:S: [charger] <- Queued:(2) Deferred:(0)
2019-09-29 15:49:19,247 DEBUG:S: [charger] To_Bulk:bulk
2019-09-29 15:49:19,247 DEBUG:S: [charger] To_Bulk:bulk:HOOK
2019-09-29 15:49:19,247 DEBUG:S: [charger] <- Queued:(1) Deferred:(0)
2019-09-29 15:49:19,248 DEBUG:S: [charger] Tick:bulk
2019-09-29 15:49:19,248 DEBUG:S: [charger] Tick:bulk:HOOK
2019-09-29 15:49:19,248 DEBUG:S: [charger] <- Queued:(0) Deferred:(0)
2019-09-29 15:49:19,746 DEBUG:S: [charger] Pulse:bulk
2019-09-29 15:49:19,746 DEBUG:S: [charger] Pulse:constant_current_control
2019-09-29 15:49:19,746 DEBUG:S: [charger] Pulse:charging
2019-09-29 15:49:19,746 DEBUG:S: [charger] POST_FIFO:To_Bulk
2019-09-29 15:49:19,747 DEBUG:S: [charger] POST_FIFO:Tick
2019-09-29 15:49:19,747 DEBUG:S: [charger] Pulse:charging:HOOK
2019-09-29 15:49:19,747 DEBUG:S: [charger] <- Queued:(2) Deferred:(0)
2019-09-29 15:49:19,747 DEBUG:S: [charger] To_Bulk:bulk
2019-09-29 15:49:19,747 DEBUG:S: [charger] To_Bulk:bulk:HOOK
2019-09-29 15:49:19,747 DEBUG:S: [charger] <- Queued:(1) Deferred:(0)
2019-09-29 15:49:19,748 DEBUG:S: [charger] Tick:bulk
2019-09-29 15:49:19,748 DEBUG:S: [charger] Tick:bulk:HOOK
2019-09-29 15:49:19,749 DEBUG:S: [charger] <- Queued:(0) Deferred:(0)
2019-09-29 15:49:20,246 DEBUG:S: [charger] Pulse:bulk
2019-09-29 15:49:20,246 DEBUG:S: [charger] Pulse:constant_current_control
2019-09-29 15:49:20,247 DEBUG:S: [charger] Pulse:charging
2019-09-29 15:49:20,247 DEBUG:S: [charger] POST_FIFO:To_Bulk
2019-09-29 15:49:20,247 DEBUG:S: [charger] POST_FIFO:Tick
2019-09-29 15:49:20,247 DEBUG:S: [charger] Pulse:charging:HOOK
2019-09-29 15:49:20,247 DEBUG:S: [charger] <- Queued:(2) Deferred:(0)
2019-09-29 15:49:20,247 DEBUG:S: [charger] To_Bulk:bulk
2019-09-29 15:49:20,248 DEBUG:S: [charger] To_Bulk:bulk:HOOK
2019-09-29 15:49:20,248 DEBUG:S: [charger] <- Queued:(1) Deferred:(0)
2019-09-29 15:49:20,249 DEBUG:S: [charger] Tick:bulk
2019-09-29 15:49:20,249 DEBUG:S: [charger] Tick:bulk:HOOK
2019-09-29 15:49:20,249 DEBUG:S: [charger] <- Queued:(0) Deferred:(0)
2019-09-29 15:49:20,746 DEBUG:S: [charger] Pulse:bulk
2019-09-29 15:49:20,747 DEBUG:S: [charger] Pulse:constant_current_control
2019-09-29 15:49:20,747 DEBUG:S: [charger] Pulse:charging
2019-09-29 15:49:20,747 DEBUG:S: [charger] POST_FIFO:To_Bulk
2019-09-29 15:49:20,747 DEBUG:S: [charger] POST_FIFO:Tick
2019-09-29 15:49:20,747 DEBUG:S: [charger] Pulse:charging:HOOK
2019-09-29 15:49:20,747 DEBUG:S: [charger] <- Queued:(2) Deferred:(0)
2019-09-29 15:49:20,748 DEBUG:S: [charger] To_Bulk:bulk
2019-09-29 15:49:20,748 DEBUG:S: [charger] To_Bulk:bulk:HOOK
2019-09-29 15:49:20,748 DEBUG:S: [charger] <- Queued:(1) Deferred:(0)
2019-09-29 15:49:20,749 DEBUG:S: [charger] Tick:bulk
2019-09-29 15:49:20,749 DEBUG:S: [charger] Tick:bulk:HOOK
2019-09-29 15:49:20,749 DEBUG:S: [charger] <- Queued:(0) Deferred:(0)
2019-09-29 15:49:21,247 DEBUG:S: [charger] Pulse:bulk
2019-09-29 15:49:21,248 DEBUG:S: [charger] Pulse:constant_current_control
2019-09-29 15:49:21,248 DEBUG:S: [charger] Pulse:charging
2019-09-29 15:49:21,248 DEBUG:S: [charger] POST_FIFO:To_Bulk
2019-09-29 15:49:21,248 DEBUG:S: [charger] POST_FIFO:Tick
2019-09-29 15:49:21,248 DEBUG:S: [charger] Pulse:charging:HOOK
2019-09-29 15:49:21,248 DEBUG:S: [charger] <- Queued:(2) Deferred:(0)
2019-09-29 15:49:21,249 DEBUG:S: [charger] To_Bulk:bulk
2019-09-29 15:49:21,249 DEBUG:S: [charger] To_Bulk:bulk:HOOK
2019-09-29 15:49:21,249 DEBUG:S: [charger] <- Queued:(1) Deferred:(0)
2019-09-29 15:49:21,250 DEBUG:S: [charger] Tick:bulk
2019-09-29 15:49:21,250 DEBUG:S: [charger] Tick:bulk:HOOK
2019-09-29 15:49:21,250 DEBUG:S: [charger] <- Queued:(0) Deferred:(0)
2019-09-29 15:49:21,748 DEBUG:S: [charger] Pulse:bulk
2019-09-29 15:49:21,748 DEBUG:S: [charger] Pulse:constant_current_control
2019-09-29 15:49:21,748 DEBUG:S: [charger] Pulse:charging
2019-09-29 15:49:21,748 DEBUG:S: [charger] POST_FIFO:To_Bulk
2019-09-29 15:49:21,749 DEBUG:S: [charger] POST_FIFO:Tick
2019-09-29 15:49:21,749 DEBUG:S: [charger] Pulse:charging:HOOK
2019-09-29 15:49:21,749 DEBUG:S: [charger] <- Queued:(2) Deferred:(0)
2019-09-29 15:49:21,749 DEBUG:S: [charger] To_Bulk:bulk
2019-09-29 15:49:21,749 DEBUG:S: [charger] To_Bulk:bulk:HOOK
2019-09-29 15:49:21,750 DEBUG:S: [charger] <- Queued:(1) Deferred:(0)
2019-09-29 15:49:21,750 DEBUG:S: [charger] Tick:bulk
2019-09-29 15:49:21,750 DEBUG:S: [charger] Tick:bulk:HOOK
2019-09-29 15:49:21,751 DEBUG:S: [charger] <- Queued:(0) Deferred:(0)
2019-09-29 15:49:22,249 DEBUG:S: [charger] Pulse:bulk
2019-09-29 15:49:22,249 DEBUG:S: [charger] Pulse:constant_current_control
2019-09-29 15:49:22,249 DEBUG:S: [charger] Pulse:charging
2019-09-29 15:49:22,249 DEBUG:S: [charger] POST_FIFO:To_Bulk
2019-09-29 15:49:22,249 DEBUG:S: [charger] POST_FIFO:Tick
2019-09-29 15:49:22,250 DEBUG:S: [charger] Pulse:charging:HOOK
2019-09-29 15:49:22,250 DEBUG:S: [charger] <- Queued:(2) Deferred:(0)
2019-09-29 15:49:22,250 DEBUG:S: [charger] To_Bulk:bulk
2019-09-29 15:49:22,250 DEBUG:S: [charger] To_Bulk:bulk:HOOK
2019-09-29 15:49:22,250 DEBUG:S: [charger] <- Queued:(1) Deferred:(0)
2019-09-29 15:49:22,251 DEBUG:S: [charger] Tick:bulk
2019-09-29 15:49:22,251 DEBUG:S: [charger] Tick:bulk:HOOK
2019-09-29 15:49:22,251 DEBUG:S: [charger] <- Queued:(0) Deferred:(0)
2019-09-29 15:49:22,750 DEBUG:S: [charger] Pulse:bulk
2019-09-29 15:49:22,750 DEBUG:S: [charger] Pulse:constant_current_control
2019-09-29 15:49:22,750 DEBUG:S: [charger] Pulse:charging
2019-09-29 15:49:22,750 DEBUG:S: [charger] POST_FIFO:To_Bulk
2019-09-29 15:49:22,750 DEBUG:S: [charger] POST_FIFO:Tick
2019-09-29 15:49:22,750 DEBUG:S: [charger] Pulse:charging:HOOK
2019-09-29 15:49:22,751 DEBUG:S: [charger] <- Queued:(2) Deferred:(0)
2019-09-29 15:49:22,751 DEBUG:S: [charger] To_Bulk:bulk
2019-09-29 15:49:22,751 DEBUG:S: [charger] To_Bulk:bulk:HOOK
2019-09-29 15:49:22,751 DEBUG:S: [charger] <- Queued:(1) Deferred:(0)
2019-09-29 15:49:22,752 DEBUG:S: [charger] Tick:bulk
2019-09-29 15:49:22,752 DEBUG:S: [charger] Tick:bulk:HOOK
2019-09-29 15:49:22,752 DEBUG:S: [charger] <- Queued:(0) Deferred:(0)
2019-09-29 15:49:23,251 DEBUG:S: [charger] Pulse:bulk
2019-09-29 15:49:23,251 DEBUG:S: [charger] Pulse:constant_current_control
2019-09-29 15:49:23,251 DEBUG:S: [charger] Pulse:charging
2019-09-29 15:49:23,251 DEBUG:S: [charger] POST_FIFO:To_Bulk
2019-09-29 15:49:23,251 DEBUG:S: [charger] POST_FIFO:Tick
2019-09-29 15:49:23,251 DEBUG:S: [charger] Pulse:charging:HOOK
2019-09-29 15:49:23,251 DEBUG:S: [charger] <- Queued:(2) Deferred:(0)
2019-09-29 15:49:23,252 DEBUG:S: [charger] To_Bulk:bulk
2019-09-29 15:49:23,252 DEBUG:S: [charger] To_Bulk:bulk:HOOK
2019-09-29 15:49:23,252 DEBUG:S: [charger] <- Queued:(1) Deferred:(0)
2019-09-29 15:49:23,253 DEBUG:S: [charger] Tick:bulk
2019-09-29 15:49:23,253 DEBUG:S: [charger] Tick:bulk:HOOK
2019-09-29 15:49:23,253 DEBUG:S: [charger] <- Queued:(0) Deferred:(0)
2019-09-29 15:49:23,751 DEBUG:S: [charger] Pulse:bulk
2019-09-29 15:49:23,751 DEBUG:S: [charger] Pulse:constant_current_control
2019-09-29 15:49:23,752 DEBUG:S: [charger] Pulse:charging
2019-09-29 15:49:23,752 DEBUG:S: [charger] POST_FIFO:To_Bulk
2019-09-29 15:49:23,752 DEBUG:S: [charger] POST_FIFO:Tick
2019-09-29 15:49:23,752 DEBUG:S: [charger] Pulse:charging:HOOK
2019-09-29 15:49:23,752 DEBUG:S: [charger] <- Queued:(2) Deferred:(0)
2019-09-29 15:49:23,753 DEBUG:S: [charger] To_Bulk:bulk
2019-09-29 15:49:23,753 DEBUG:S: [charger] To_Bulk:bulk:HOOK
2019-09-29 15:49:23,753 DEBUG:S: [charger] <- Queued:(1) Deferred:(0)
2019-09-29 15:49:23,754 DEBUG:S: [charger] Tick:bulk
2019-09-29 15:49:23,754 DEBUG:S: [charger] Tick:bulk:HOOK
2019-09-29 15:49:23,754 DEBUG:S: [charger] <- Queued:(0) Deferred:(0)
2019-09-29 15:49:24,252 DEBUG:S: [charger] Pulse:bulk
2019-09-29 15:49:24,252 DEBUG:S: [charger] Pulse:constant_current_control
2019-09-29 15:49:24,252 DEBUG:S: [charger] Pulse:charging
2019-09-29 15:49:24,253 DEBUG:S: [charger] POST_FIFO:To_Bulk
2019-09-29 15:49:24,253 DEBUG:S: [charger] POST_FIFO:Tick
2019-09-29 15:49:24,253 DEBUG:S: [charger] Pulse:charging:HOOK
2019-09-29 15:49:24,253 DEBUG:S: [charger] <- Queued:(2) Deferred:(0)
2019-09-29 15:49:24,253 DEBUG:S: [charger] To_Bulk:bulk
2019-09-29 15:49:24,254 DEBUG:S: [charger] To_Bulk:bulk:HOOK
2019-09-29 15:49:24,254 DEBUG:S: [charger] <- Queued:(1) Deferred:(0)
2019-09-29 15:49:24,254 DEBUG:S: [charger] Tick:bulk
2019-09-29 15:49:24,255 DEBUG:S: [charger] Tick:bulk:HOOK
2019-09-29 15:49:24,255 DEBUG:S: [charger] <- Queued:(0) Deferred:(0)
2019-09-29 15:49:24,753 DEBUG:S: [charger] Pulse:bulk
2019-09-29 15:49:24,753 DEBUG:S: [charger] Pulse:constant_current_control
2019-09-29 15:49:24,753 DEBUG:S: [charger] Pulse:charging
2019-09-29 15:49:24,754 DEBUG:S: [charger] POST_FIFO:To_Bulk
2019-09-29 15:49:24,754 DEBUG:S: [charger] POST_FIFO:Tick
2019-09-29 15:49:24,754 DEBUG:S: [charger] Pulse:charging:HOOK
2019-09-29 15:49:24,754 DEBUG:S: [charger] <- Queued:(2) Deferred:(0)
2019-09-29 15:49:24,754 DEBUG:S: [charger] To_Bulk:bulk
2019-09-29 15:49:24,754 DEBUG:S: [charger] To_Bulk:bulk:HOOK
2019-09-29 15:49:24,755 DEBUG:S: [charger] <- Queued:(1) Deferred:(0)
2019-09-29 15:49:24,755 DEBUG:S: [charger] Tick:bulk
2019-09-29 15:49:24,756 DEBUG:S: [charger] Tick:bulk:HOOK
2019-09-29 15:49:24,756 DEBUG:S: [charger] <- Queued:(0) Deferred:(0)
2019-09-29 15:49:25,254 DEBUG:S: [charger] Pulse:bulk
2019-09-29 15:49:25,254 DEBUG:S: [charger] Pulse:constant_current_control
2019-09-29 15:49:25,254 DEBUG:S: [charger] Pulse:charging
2019-09-29 15:49:25,255 DEBUG:S: [charger] POST_FIFO:To_Bulk
2019-09-29 15:49:25,255 DEBUG:S: [charger] POST_FIFO:Tick
2019-09-29 15:49:25,255 DEBUG:S: [charger] Pulse:charging:HOOK
2019-09-29 15:49:25,255 DEBUG:S: [charger] <- Queued:(2) Deferred:(0)
2019-09-29 15:49:25,255 DEBUG:S: [charger] To_Bulk:bulk
2019-09-29 15:49:25,255 DEBUG:S: [charger] To_Bulk:bulk:HOOK
2019-09-29 15:49:25,256 DEBUG:S: [charger] <- Queued:(1) Deferred:(0)
2019-09-29 15:49:25,256 DEBUG:S: [charger] Tick:bulk
2019-09-29 15:49:25,256 DEBUG:S: [charger] Tick:bulk:HOOK
2019-09-29 15:49:25,257 DEBUG:S: [charger] <- Queued:(0) Deferred:(0)
2019-09-29 15:49:25,755 DEBUG:S: [charger] Pulse:bulk
2019-09-29 15:49:25,755 DEBUG:S: [charger] Pulse:constant_current_control
2019-09-29 15:49:25,755 DEBUG:S: [charger] Pulse:charging
2019-09-29 15:49:25,755 DEBUG:S: [charger] POST_FIFO:To_Bulk
2019-09-29 15:49:25,755 DEBUG:S: [charger] POST_FIFO:Tick
2019-09-29 15:49:25,756 DEBUG:S: [charger] Pulse:charging:HOOK
2019-09-29 15:49:25,756 DEBUG:S: [charger] <- Queued:(2) Deferred:(0)
2019-09-29 15:49:25,756 DEBUG:S: [charger] To_Bulk:bulk
2019-09-29 15:49:25,756 DEBUG:S: [charger] To_Bulk:bulk:HOOK
2019-09-29 15:49:25,756 DEBUG:S: [charger] <- Queued:(1) Deferred:(0)
2019-09-29 15:49:25,757 DEBUG:S: [charger] Tick:bulk
2019-09-29 15:49:25,757 DEBUG:S: [charger] Tick:bulk:HOOK
2019-09-29 15:49:25,757 DEBUG:S: [charger] <- Queued:(0) Deferred:(0)
2019-09-29 15:49:26,256 DEBUG:S: [charger] Pulse:bulk
2019-09-29 15:49:26,256 DEBUG:S: [charger] Pulse:constant_current_control
2019-09-29 15:49:26,256 DEBUG:S: [charger] Pulse:charging
2019-09-29 15:49:26,256 DEBUG:S: [charger] POST_FIFO:To_Bulk
2019-09-29 15:49:26,256 DEBUG:S: [charger] POST_FIFO:Tick
2019-09-29 15:49:26,256 DEBUG:S: [charger] Pulse:charging:HOOK
2019-09-29 15:49:26,256 DEBUG:S: [charger] <- Queued:(2) Deferred:(0)
2019-09-29 15:49:26,257 DEBUG:S: [charger] To_Bulk:bulk
2019-09-29 15:49:26,257 DEBUG:S: [charger] To_Bulk:bulk:HOOK
2019-09-29 15:49:26,257 DEBUG:S: [charger] <- Queued:(1) Deferred:(0)
2019-09-29 15:49:26,258 DEBUG:S: [charger] Tick:bulk
2019-09-29 15:49:26,258 DEBUG:S: [charger] Tick:bulk:HOOK
2019-09-29 15:49:26,258 DEBUG:S: [charger] <- Queued:(0) Deferred:(0)
2019-09-29 15:49:26,756 DEBUG:S: [charger] Pulse:bulk
2019-09-29 15:49:26,756 DEBUG:S: [charger] Pulse:constant_current_control
2019-09-29 15:49:26,756 DEBUG:S: [charger] Pulse:charging
2019-09-29 15:49:26,756 DEBUG:S: [charger] POST_FIFO:To_Bulk
2019-09-29 15:49:26,756 DEBUG:S: [charger] POST_FIFO:Tick
2019-09-29 15:49:26,757 DEBUG:S: [charger] Pulse:charging:HOOK
2019-09-29 15:49:26,757 DEBUG:S: [charger] <- Queued:(2) Deferred:(0)
2019-09-29 15:49:26,757 DEBUG:S: [charger] To_Bulk:bulk
2019-09-29 15:49:26,757 DEBUG:S: [charger] To_Bulk:bulk:HOOK
2019-09-29 15:49:26,757 DEBUG:S: [charger] <- Queued:(1) Deferred:(0)
2019-09-29 15:49:26,758 DEBUG:S: [charger] Tick:bulk
2019-09-29 15:49:26,758 DEBUG:S: [charger] Tick:bulk:HOOK
2019-09-29 15:49:26,759 DEBUG:S: [charger] <- Queued:(0) Deferred:(0)
