2019-09-30 06:27:07,440 DEBUG:T: [charger] e->start_at() top->constant_current_control
2019-09-30 06:27:07,440 DEBUG:S: [charger] START
2019-09-30 06:27:07,440 DEBUG:S: [charger] SEARCH_FOR_SUPER_SIGNAL:charging
2019-09-30 06:27:07,440 DEBUG:S: [charger] ENTRY_SIGNAL:charging
2019-09-30 06:27:07,441 DEBUG:S: [charger] INIT_SIGNAL:charging
2019-09-30 06:27:07,441 DEBUG:S: [charger] SEARCH_FOR_SUPER_SIGNAL:constant_current_control
2019-09-30 06:27:07,441 DEBUG:S: [charger] ENTRY_SIGNAL:constant_current_control
2019-09-30 06:27:07,441 DEBUG:S: [charger] INIT_SIGNAL:constant_current_control
2019-09-30 06:27:07,441 DEBUG:S: [charger] <- Queued:(0) Deferred:(0)
2019-09-30 06:27:07,940 DEBUG:S: [charger] Pulse:constant_current_control
2019-09-30 06:27:07,941 DEBUG:S: [charger] Pulse:charging
2019-09-30 06:27:07,941 DEBUG:S: [charger] POST_FIFO:To_Bulk
2019-09-30 06:27:07,941 DEBUG:S: [charger] POST_FIFO:Tick
2019-09-30 06:27:07,941 DEBUG:S: [charger] Pulse:charging:HOOK
2019-09-30 06:27:07,941 DEBUG:S: [charger] <- Queued:(2) Deferred:(0)
2019-09-30 06:27:07,943 DEBUG:T: [charger] e->To_Bulk() constant_current_control->bulk
2019-09-30 06:27:07,943 DEBUG:S: [charger] To_Bulk:constant_current_control
2019-09-30 06:27:07,943 DEBUG:S: [charger] To_Bulk:charging
2019-09-30 06:27:07,944 DEBUG:S: [charger] EXIT_SIGNAL:constant_current_control
2019-09-30 06:27:07,944 DEBUG:S: [charger] SEARCH_FOR_SUPER_SIGNAL:bulk
2019-09-30 06:27:07,944 DEBUG:S: [charger] SEARCH_FOR_SUPER_SIGNAL:charging
2019-09-30 06:27:07,944 DEBUG:S: [charger] SEARCH_FOR_SUPER_SIGNAL:constant_current_control
2019-09-30 06:27:07,944 DEBUG:S: [charger] ENTRY_SIGNAL:constant_current_control
2019-09-30 06:27:07,944 DEBUG:S: [charger] ENTRY_SIGNAL:bulk
2019-09-30 06:27:07,944 DEBUG:S: [charger] INIT_SIGNAL:bulk
2019-09-30 06:27:07,945 DEBUG:S: [charger] <- Queued:(1) Deferred:(0)
2019-09-30 06:27:07,945 DEBUG:S: [charger] Tick:bulk
2019-09-30 06:27:07,945 DEBUG:S: [charger] Tick:bulk:HOOK
2019-09-30 06:27:07,946 DEBUG:S: [charger] <- Queued:(0) Deferred:(0)
2019-09-30 06:27:08,441 DEBUG:S: [charger] Pulse:bulk
2019-09-30 06:27:08,442 DEBUG:S: [charger] Pulse:constant_current_control
2019-09-30 06:27:08,442 DEBUG:S: [charger] Pulse:charging
2019-09-30 06:27:08,442 DEBUG:S: [charger] POST_FIFO:To_Bulk
2019-09-30 06:27:08,442 DEBUG:S: [charger] POST_FIFO:Tick
2019-09-30 06:27:08,442 DEBUG:S: [charger] Pulse:charging:HOOK
2019-09-30 06:27:08,442 DEBUG:S: [charger] <- Queued:(2) Deferred:(0)
2019-09-30 06:27:08,443 DEBUG:S: [charger] To_Bulk:bulk
2019-09-30 06:27:08,443 DEBUG:S: [charger] To_Bulk:bulk:HOOK
2019-09-30 06:27:08,443 DEBUG:S: [charger] <- Queued:(1) Deferred:(0)
2019-09-30 06:27:08,444 DEBUG:S: [charger] Tick:bulk
2019-09-30 06:27:08,444 DEBUG:S: [charger] Tick:bulk:HOOK
2019-09-30 06:27:08,444 DEBUG:S: [charger] <- Queued:(0) Deferred:(0)
2019-09-30 06:27:08,942 DEBUG:S: [charger] Pulse:bulk
2019-09-30 06:27:08,942 DEBUG:S: [charger] Pulse:constant_current_control
2019-09-30 06:27:08,942 DEBUG:S: [charger] Pulse:charging
2019-09-30 06:27:08,942 DEBUG:S: [charger] POST_FIFO:To_Bulk
2019-09-30 06:27:08,942 DEBUG:S: [charger] POST_FIFO:Tick
2019-09-30 06:27:08,942 DEBUG:S: [charger] Pulse:charging:HOOK
2019-09-30 06:27:08,943 DEBUG:S: [charger] <- Queued:(2) Deferred:(0)
2019-09-30 06:27:08,943 DEBUG:S: [charger] To_Bulk:bulk
2019-09-30 06:27:08,943 DEBUG:S: [charger] To_Bulk:bulk:HOOK
2019-09-30 06:27:08,943 DEBUG:S: [charger] <- Queued:(1) Deferred:(0)
2019-09-30 06:27:08,944 DEBUG:S: [charger] Tick:bulk
2019-09-30 06:27:08,944 DEBUG:S: [charger] Tick:bulk:HOOK
2019-09-30 06:27:08,944 DEBUG:S: [charger] <- Queued:(0) Deferred:(0)
2019-09-30 06:27:09,442 DEBUG:S: [charger] Pulse:bulk
2019-09-30 06:27:09,443 DEBUG:S: [charger] Pulse:constant_current_control
2019-09-30 06:27:09,443 DEBUG:S: [charger] Pulse:charging
2019-09-30 06:27:09,443 DEBUG:S: [charger] POST_FIFO:To_Bulk
2019-09-30 06:27:09,443 DEBUG:S: [charger] POST_FIFO:Tick
2019-09-30 06:27:09,443 DEBUG:S: [charger] Pulse:charging:HOOK
2019-09-30 06:27:09,443 DEBUG:S: [charger] <- Queued:(2) Deferred:(0)
2019-09-30 06:27:09,444 DEBUG:S: [charger] To_Bulk:bulk
2019-09-30 06:27:09,444 DEBUG:S: [charger] To_Bulk:bulk:HOOK
2019-09-30 06:27:09,444 DEBUG:S: [charger] <- Queued:(1) Deferred:(0)
2019-09-30 06:27:09,445 DEBUG:S: [charger] Tick:bulk
2019-09-30 06:27:09,445 DEBUG:S: [charger] Tick:bulk:HOOK
2019-09-30 06:27:09,445 DEBUG:S: [charger] <- Queued:(0) Deferred:(0)
2019-09-30 06:27:09,943 DEBUG:S: [charger] Pulse:bulk
2019-09-30 06:27:09,943 DEBUG:S: [charger] Pulse:constant_current_control
2019-09-30 06:27:09,943 DEBUG:S: [charger] Pulse:charging
2019-09-30 06:27:09,943 DEBUG:S: [charger] POST_FIFO:To_Bulk
2019-09-30 06:27:09,944 DEBUG:S: [charger] POST_FIFO:Tick
2019-09-30 06:27:09,944 DEBUG:S: [charger] Pulse:charging:HOOK
2019-09-30 06:27:09,944 DEBUG:S: [charger] <- Queued:(2) Deferred:(0)
2019-09-30 06:27:09,944 DEBUG:S: [charger] To_Bulk:bulk
2019-09-30 06:27:09,944 DEBUG:S: [charger] To_Bulk:bulk:HOOK
2019-09-30 06:27:09,944 DEBUG:S: [charger] <- Queued:(1) Deferred:(0)
2019-09-30 06:27:09,945 DEBUG:S: [charger] Tick:bulk
2019-09-30 06:27:09,945 DEBUG:S: [charger] Tick:bulk:HOOK
2019-09-30 06:27:09,946 DEBUG:S: [charger] <- Queued:(0) Deferred:(0)
2019-09-30 06:27:10,443 DEBUG:S: [charger] Pulse:bulk
2019-09-30 06:27:10,443 DEBUG:S: [charger] Pulse:constant_current_control
2019-09-30 06:27:10,443 DEBUG:S: [charger] Pulse:charging
2019-09-30 06:27:10,443 DEBUG:S: [charger] POST_FIFO:To_Bulk
2019-09-30 06:27:10,444 DEBUG:S: [charger] POST_FIFO:Tick
2019-09-30 06:27:10,444 DEBUG:S: [charger] Pulse:charging:HOOK
2019-09-30 06:27:10,444 DEBUG:S: [charger] <- Queued:(2) Deferred:(0)
2019-09-30 06:27:10,444 DEBUG:S: [charger] To_Bulk:bulk
2019-09-30 06:27:10,444 DEBUG:S: [charger] To_Bulk:bulk:HOOK
2019-09-30 06:27:10,444 DEBUG:S: [charger] <- Queued:(1) Deferred:(0)
2019-09-30 06:27:10,445 DEBUG:S: [charger] Tick:bulk
2019-09-30 06:27:10,445 DEBUG:S: [charger] Tick:bulk:HOOK
2019-09-30 06:27:10,446 DEBUG:S: [charger] <- Queued:(0) Deferred:(0)
2019-09-30 06:27:10,943 DEBUG:S: [charger] Pulse:bulk
2019-09-30 06:27:10,944 DEBUG:S: [charger] Pulse:constant_current_control
2019-09-30 06:27:10,944 DEBUG:S: [charger] Pulse:charging
2019-09-30 06:27:10,944 DEBUG:S: [charger] POST_FIFO:To_Bulk
2019-09-30 06:27:10,944 DEBUG:S: [charger] POST_FIFO:Tick
2019-09-30 06:27:10,944 DEBUG:S: [charger] Pulse:charging:HOOK
2019-09-30 06:27:10,944 DEBUG:S: [charger] <- Queued:(2) Deferred:(0)
2019-09-30 06:27:10,945 DEBUG:S: [charger] To_Bulk:bulk
2019-09-30 06:27:10,945 DEBUG:S: [charger] To_Bulk:bulk:HOOK
2019-09-30 06:27:10,945 DEBUG:S: [charger] <- Queued:(1) Deferred:(0)
2019-09-30 06:27:10,946 DEBUG:S: [charger] Tick:bulk
2019-09-30 06:27:10,946 DEBUG:S: [charger] Tick:bulk:HOOK
2019-09-30 06:27:10,946 DEBUG:S: [charger] <- Queued:(0) Deferred:(0)
2019-09-30 06:27:11,443 DEBUG:S: [charger] Pulse:bulk
2019-09-30 06:27:11,444 DEBUG:S: [charger] Pulse:constant_current_control
2019-09-30 06:27:11,444 DEBUG:S: [charger] Pulse:charging
2019-09-30 06:27:11,444 DEBUG:S: [charger] POST_FIFO:To_Bulk
2019-09-30 06:27:11,444 DEBUG:S: [charger] POST_FIFO:Tick
2019-09-30 06:27:11,444 DEBUG:S: [charger] Pulse:charging:HOOK
2019-09-30 06:27:11,444 DEBUG:S: [charger] <- Queued:(2) Deferred:(0)
2019-09-30 06:27:11,445 DEBUG:S: [charger] To_Bulk:bulk
2019-09-30 06:27:11,445 DEBUG:S: [charger] To_Bulk:bulk:HOOK
2019-09-30 06:27:11,445 DEBUG:S: [charger] <- Queued:(1) Deferred:(0)
2019-09-30 06:27:11,446 DEBUG:S: [charger] Tick:bulk
2019-09-30 06:27:11,446 DEBUG:S: [charger] Tick:bulk:HOOK
2019-09-30 06:27:11,446 DEBUG:S: [charger] <- Queued:(0) Deferred:(0)
2019-09-30 06:27:11,944 DEBUG:S: [charger] Pulse:bulk
2019-09-30 06:27:11,944 DEBUG:S: [charger] Pulse:constant_current_control
2019-09-30 06:27:11,944 DEBUG:S: [charger] Pulse:charging
2019-09-30 06:27:11,944 DEBUG:S: [charger] POST_FIFO:To_Bulk
2019-09-30 06:27:11,945 DEBUG:S: [charger] POST_FIFO:Tick
2019-09-30 06:27:11,945 DEBUG:S: [charger] Pulse:charging:HOOK
2019-09-30 06:27:11,945 DEBUG:S: [charger] <- Queued:(2) Deferred:(0)
2019-09-30 06:27:11,945 DEBUG:S: [charger] To_Bulk:bulk
2019-09-30 06:27:11,945 DEBUG:S: [charger] To_Bulk:bulk:HOOK
2019-09-30 06:27:11,946 DEBUG:S: [charger] <- Queued:(1) Deferred:(0)
2019-09-30 06:27:11,946 DEBUG:S: [charger] Tick:bulk
2019-09-30 06:27:11,947 DEBUG:S: [charger] Tick:bulk:HOOK
2019-09-30 06:27:11,947 DEBUG:S: [charger] <- Queued:(0) Deferred:(0)
2019-09-30 06:27:12,444 DEBUG:S: [charger] Pulse:bulk
2019-09-30 06:27:12,445 DEBUG:S: [charger] Pulse:constant_current_control
2019-09-30 06:27:12,445 DEBUG:S: [charger] Pulse:charging
2019-09-30 06:27:12,445 DEBUG:S: [charger] POST_FIFO:To_Bulk
2019-09-30 06:27:12,445 DEBUG:S: [charger] POST_FIFO:Tick
2019-09-30 06:27:12,445 DEBUG:S: [charger] Pulse:charging:HOOK
2019-09-30 06:27:12,445 DEBUG:S: [charger] <- Queued:(2) Deferred:(0)
2019-09-30 06:27:12,446 DEBUG:S: [charger] To_Bulk:bulk
2019-09-30 06:27:12,446 DEBUG:S: [charger] To_Bulk:bulk:HOOK
2019-09-30 06:27:12,446 DEBUG:S: [charger] <- Queued:(1) Deferred:(0)
2019-09-30 06:27:12,447 DEBUG:S: [charger] Tick:bulk
2019-09-30 06:27:12,447 DEBUG:S: [charger] Tick:bulk:HOOK
2019-09-30 06:27:12,447 DEBUG:S: [charger] <- Queued:(0) Deferred:(0)
2019-09-30 06:27:12,944 DEBUG:S: [charger] Pulse:bulk
2019-09-30 06:27:12,945 DEBUG:S: [charger] Pulse:constant_current_control
2019-09-30 06:27:12,945 DEBUG:S: [charger] Pulse:charging
2019-09-30 06:27:12,945 DEBUG:S: [charger] POST_FIFO:To_Bulk
2019-09-30 06:27:12,945 DEBUG:S: [charger] POST_FIFO:Tick
2019-09-30 06:27:12,945 DEBUG:S: [charger] Pulse:charging:HOOK
2019-09-30 06:27:12,945 DEBUG:S: [charger] <- Queued:(2) Deferred:(0)
2019-09-30 06:27:12,946 DEBUG:S: [charger] To_Bulk:bulk
2019-09-30 06:27:12,946 DEBUG:S: [charger] To_Bulk:bulk:HOOK
2019-09-30 06:27:12,946 DEBUG:S: [charger] <- Queued:(1) Deferred:(0)
2019-09-30 06:27:12,947 DEBUG:S: [charger] Tick:bulk
2019-09-30 06:27:12,947 DEBUG:S: [charger] Tick:bulk:HOOK
2019-09-30 06:27:12,947 DEBUG:S: [charger] <- Queued:(0) Deferred:(0)
2019-09-30 06:27:13,445 DEBUG:S: [charger] Pulse:bulk
2019-09-30 06:27:13,445 DEBUG:S: [charger] Pulse:constant_current_control
2019-09-30 06:27:13,445 DEBUG:S: [charger] Pulse:charging
2019-09-30 06:27:13,445 DEBUG:S: [charger] POST_FIFO:To_Bulk
2019-09-30 06:27:13,445 DEBUG:S: [charger] POST_FIFO:Tick
2019-09-30 06:27:13,445 DEBUG:S: [charger] Pulse:charging:HOOK
2019-09-30 06:27:13,446 DEBUG:S: [charger] <- Queued:(2) Deferred:(0)
2019-09-30 06:27:13,446 DEBUG:S: [charger] To_Bulk:bulk
2019-09-30 06:27:13,446 DEBUG:S: [charger] To_Bulk:bulk:HOOK
2019-09-30 06:27:13,446 DEBUG:S: [charger] <- Queued:(1) Deferred:(0)
2019-09-30 06:27:13,447 DEBUG:S: [charger] Tick:bulk
2019-09-30 06:27:13,447 DEBUG:S: [charger] Tick:bulk:HOOK
2019-09-30 06:27:13,447 DEBUG:S: [charger] <- Queued:(0) Deferred:(0)
2019-09-30 06:27:13,945 DEBUG:S: [charger] Pulse:bulk
2019-09-30 06:27:13,945 DEBUG:S: [charger] Pulse:constant_current_control
2019-09-30 06:27:13,945 DEBUG:S: [charger] Pulse:charging
2019-09-30 06:27:13,945 DEBUG:S: [charger] POST_FIFO:To_Bulk
2019-09-30 06:27:13,945 DEBUG:S: [charger] POST_FIFO:Tick
2019-09-30 06:27:13,946 DEBUG:S: [charger] Pulse:charging:HOOK
2019-09-30 06:27:13,946 DEBUG:S: [charger] <- Queued:(2) Deferred:(0)
2019-09-30 06:27:13,946 DEBUG:S: [charger] To_Bulk:bulk
2019-09-30 06:27:13,946 DEBUG:S: [charger] To_Bulk:bulk:HOOK
2019-09-30 06:27:13,946 DEBUG:S: [charger] <- Queued:(1) Deferred:(0)
2019-09-30 06:27:13,947 DEBUG:S: [charger] Tick:bulk
2019-09-30 06:27:13,947 DEBUG:S: [charger] Tick:bulk:HOOK
2019-09-30 06:27:13,947 DEBUG:S: [charger] <- Queued:(0) Deferred:(0)
2019-09-30 06:27:14,446 DEBUG:S: [charger] Pulse:bulk
2019-09-30 06:27:14,446 DEBUG:S: [charger] Pulse:constant_current_control
2019-09-30 06:27:14,446 DEBUG:S: [charger] Pulse:charging
2019-09-30 06:27:14,446 DEBUG:S: [charger] POST_FIFO:To_Bulk
2019-09-30 06:27:14,446 DEBUG:S: [charger] POST_FIFO:Tick
2019-09-30 06:27:14,446 DEBUG:S: [charger] Pulse:charging:HOOK
2019-09-30 06:27:14,447 DEBUG:S: [charger] <- Queued:(2) Deferred:(0)
2019-09-30 06:27:14,447 DEBUG:S: [charger] To_Bulk:bulk
2019-09-30 06:27:14,447 DEBUG:S: [charger] To_Bulk:bulk:HOOK
2019-09-30 06:27:14,447 DEBUG:S: [charger] <- Queued:(1) Deferred:(0)
2019-09-30 06:27:14,448 DEBUG:S: [charger] Tick:bulk
2019-09-30 06:27:14,448 DEBUG:S: [charger] Tick:bulk:HOOK
2019-09-30 06:27:14,448 DEBUG:S: [charger] <- Queued:(0) Deferred:(0)
2019-09-30 06:27:14,946 DEBUG:S: [charger] Pulse:bulk
2019-09-30 06:27:14,946 DEBUG:S: [charger] Pulse:constant_current_control
2019-09-30 06:27:14,947 DEBUG:S: [charger] Pulse:charging
2019-09-30 06:27:14,947 DEBUG:S: [charger] POST_FIFO:To_Bulk
2019-09-30 06:27:14,947 DEBUG:S: [charger] POST_FIFO:Tick
2019-09-30 06:27:14,947 DEBUG:S: [charger] Pulse:charging:HOOK
2019-09-30 06:27:14,947 DEBUG:S: [charger] <- Queued:(2) Deferred:(0)
2019-09-30 06:27:14,948 DEBUG:S: [charger] To_Bulk:bulk
2019-09-30 06:27:14,948 DEBUG:S: [charger] To_Bulk:bulk:HOOK
2019-09-30 06:27:14,948 DEBUG:S: [charger] <- Queued:(1) Deferred:(0)
2019-09-30 06:27:14,949 DEBUG:S: [charger] Tick:bulk
2019-09-30 06:27:14,949 DEBUG:S: [charger] Tick:bulk:HOOK
2019-09-30 06:27:14,949 DEBUG:S: [charger] <- Queued:(0) Deferred:(0)
2019-09-30 06:27:15,446 DEBUG:S: [charger] Pulse:bulk
2019-09-30 06:27:15,446 DEBUG:S: [charger] Pulse:constant_current_control
2019-09-30 06:27:15,447 DEBUG:S: [charger] Pulse:charging
2019-09-30 06:27:15,447 DEBUG:S: [charger] POST_FIFO:To_Bulk
2019-09-30 06:27:15,447 DEBUG:S: [charger] POST_FIFO:Tick
2019-09-30 06:27:15,447 DEBUG:S: [charger] Pulse:charging:HOOK
2019-09-30 06:27:15,447 DEBUG:S: [charger] <- Queued:(2) Deferred:(0)
2019-09-30 06:27:15,448 DEBUG:S: [charger] To_Bulk:bulk
2019-09-30 06:27:15,448 DEBUG:S: [charger] To_Bulk:bulk:HOOK
2019-09-30 06:27:15,448 DEBUG:S: [charger] <- Queued:(1) Deferred:(0)
2019-09-30 06:27:15,449 DEBUG:S: [charger] Tick:bulk
2019-09-30 06:27:15,449 DEBUG:S: [charger] Tick:bulk:HOOK
2019-09-30 06:27:15,449 DEBUG:S: [charger] <- Queued:(0) Deferred:(0)
2019-09-30 06:27:15,947 DEBUG:S: [charger] Pulse:bulk
2019-09-30 06:27:15,947 DEBUG:S: [charger] Pulse:constant_current_control
2019-09-30 06:27:15,947 DEBUG:S: [charger] Pulse:charging
2019-09-30 06:27:15,947 DEBUG:S: [charger] POST_FIFO:To_Bulk
2019-09-30 06:27:15,947 DEBUG:S: [charger] POST_FIFO:Tick
2019-09-30 06:27:15,947 DEBUG:S: [charger] Pulse:charging:HOOK
2019-09-30 06:27:15,948 DEBUG:S: [charger] <- Queued:(2) Deferred:(0)
2019-09-30 06:27:15,948 DEBUG:S: [charger] To_Bulk:bulk
2019-09-30 06:27:15,948 DEBUG:S: [charger] To_Bulk:bulk:HOOK
2019-09-30 06:27:15,948 DEBUG:S: [charger] <- Queued:(1) Deferred:(0)
2019-09-30 06:27:15,949 DEBUG:S: [charger] Tick:bulk
2019-09-30 06:27:15,949 DEBUG:S: [charger] Tick:bulk:HOOK
2019-09-30 06:27:15,949 DEBUG:S: [charger] <- Queued:(0) Deferred:(0)
2019-09-30 06:27:16,447 DEBUG:S: [charger] Pulse:bulk
2019-09-30 06:27:16,447 DEBUG:S: [charger] Pulse:constant_current_control
2019-09-30 06:27:16,447 DEBUG:S: [charger] Pulse:charging
2019-09-30 06:27:16,447 DEBUG:S: [charger] POST_FIFO:To_Bulk
2019-09-30 06:27:16,447 DEBUG:S: [charger] POST_FIFO:Tick
2019-09-30 06:27:16,448 DEBUG:S: [charger] Pulse:charging:HOOK
2019-09-30 06:27:16,448 DEBUG:S: [charger] <- Queued:(2) Deferred:(0)
2019-09-30 06:27:16,448 DEBUG:S: [charger] To_Bulk:bulk
2019-09-30 06:27:16,448 DEBUG:S: [charger] To_Bulk:bulk:HOOK
2019-09-30 06:27:16,448 DEBUG:S: [charger] <- Queued:(1) Deferred:(0)
2019-09-30 06:27:16,449 DEBUG:S: [charger] Tick:bulk
2019-09-30 06:27:16,449 DEBUG:S: [charger] Tick:bulk:HOOK
2019-09-30 06:27:16,449 DEBUG:S: [charger] <- Queued:(0) Deferred:(0)
2019-09-30 06:27:16,947 DEBUG:S: [charger] Pulse:bulk
2019-09-30 06:27:16,947 DEBUG:S: [charger] Pulse:constant_current_control
2019-09-30 06:27:16,947 DEBUG:S: [charger] Pulse:charging
2019-09-30 06:27:16,947 DEBUG:S: [charger] POST_FIFO:To_Bulk
2019-09-30 06:27:16,948 DEBUG:S: [charger] POST_FIFO:Tick
2019-09-30 06:27:16,948 DEBUG:S: [charger] Pulse:charging:HOOK
2019-09-30 06:27:16,948 DEBUG:S: [charger] <- Queued:(2) Deferred:(0)
2019-09-30 06:27:16,948 DEBUG:S: [charger] To_Bulk:bulk
2019-09-30 06:27:16,948 DEBUG:S: [charger] To_Bulk:bulk:HOOK
2019-09-30 06:27:16,949 DEBUG:S: [charger] <- Queued:(1) Deferred:(0)
2019-09-30 06:27:16,949 DEBUG:S: [charger] Tick:bulk
2019-09-30 06:27:16,950 DEBUG:S: [charger] Tick:bulk:HOOK
2019-09-30 06:27:16,950 DEBUG:S: [charger] <- Queued:(0) Deferred:(0)
