S: START
S: SEARCH_FOR_SUPER_SIGNAL:c
S: ENTRY_SIGNAL:c
S: thread_safe_attr_1: False
S: thread_safe_attr_2: False
S: INIT_SIGNAL:c
S: thread_safe_attr_1: False
S: thread_safe_attr_2: False
S: SEARCH_FOR_SUPER_SIGNAL:c1
S: ENTRY_SIGNAL:c1
S: thread_safe_attr_1: True
S: thread_safe_attr_2: False
S: INIT_SIGNAL:c1
S: <- Queued:(0) Deferred:(0)
S: A:c1
S: thread_safe_attr_1: False
S: thread_safe_attr_2: True
S: SEARCH_FOR_SUPER_SIGNAL:c2
S: SEARCH_FOR_SUPER_SIGNAL:c1
S: EXIT_SIGNAL:c1
S: thread_safe_attr_1: False
S: thread_safe_attr_2: True
S: ENTRY_SIGNAL:c2
S: thread_safe_attr_1: False
S: thread_safe_attr_2: True
S: INIT_SIGNAL:c2
S: <- Queued:(0) Deferred:(0)
